2024-05-09 20:45:58,352 - root - INFO - AIMET
{'config': 'config/resnet50.json'}
2024-05-09 20:45:58,616 - Dataloader - INFO - Dataset consists of 2000 images in 1000 classes
2024-05-09 20:45:58,687 - Dataloader - INFO - Dataset consists of 50000 images in 1000 classes

Baseline:


  0%|          | 0/391 [00:00<?, ?it/s]
  0%|          | 1/391 [00:01<10:00,  1.54s/it]
  1%|          | 2/391 [00:01<04:37,  1.40it/s]
  1%|          | 3/391 [00:01<02:54,  2.23it/s]
  1%|          | 4/391 [00:01<02:09,  3.00it/s]
  1%|▏         | 5/391 [00:02<01:40,  3.82it/s]
  2%|▏         | 6/391 [00:02<01:26,  4.47it/s]
  2%|▏         | 7/391 [00:02<01:15,  5.07it/s]
  2%|▏         | 8/391 [00:02<01:08,  5.63it/s]
  2%|▏         | 9/391 [00:02<01:04,  5.88it/s]
  3%|▎         | 10/391 [00:02<01:01,  6.20it/s]
  3%|▎         | 11/391 [00:02<01:00,  6.31it/s]
  3%|▎         | 12/391 [00:03<00:57,  6.54it/s]
  3%|▎         | 13/391 [00:03<00:57,  6.59it/s]
  4%|▎         | 14/391 [00:03<00:55,  6.84it/s]
  4%|▍         | 15/391 [00:03<00:53,  7.01it/s]
  4%|▍         | 16/391 [00:03<00:54,  6.93it/s]
  4%|▍         | 17/391 [00:03<00:53,  7.05it/s]
  5%|▍         | 18/391 [00:03<00:51,  7.17it/s]
  5%|▍         | 19/391 [00:04<00:51,  7.26it/s]
  5%|▌         | 20/391 [00:04<00:50,  7.32it/s]
  5%|▌         | 21/391 [00:04<00:50,  7.36it/s]
  6%|▌         | 22/391 [00:04<00:49,  7.40it/s]
  6%|▌         | 23/391 [00:04<00:49,  7.43it/s]
  6%|▌         | 24/391 [00:04<00:49,  7.44it/s]
  6%|▋         | 25/391 [00:04<00:49,  7.44it/s]
  7%|▋         | 26/391 [00:05<00:48,  7.46it/s]
  7%|▋         | 27/391 [00:05<00:48,  7.47it/s]
  7%|▋         | 28/391 [00:05<00:48,  7.46it/s]
  7%|▋         | 29/391 [00:05<00:48,  7.46it/s]
  8%|▊         | 30/391 [00:05<00:48,  7.47it/s]
  8%|▊         | 31/391 [00:05<00:48,  7.46it/s]
  8%|▊         | 32/391 [00:05<00:48,  7.39it/s]
  8%|▊         | 33/391 [00:05<00:48,  7.40it/s]
  9%|▊         | 34/391 [00:06<00:48,  7.42it/s]
  9%|▉         | 35/391 [00:06<00:47,  7.44it/s]
  9%|▉         | 36/391 [00:06<00:47,  7.45it/s]
  9%|▉         | 37/391 [00:06<00:47,  7.45it/s]
 10%|▉         | 38/391 [00:06<00:47,  7.45it/s]
 10%|▉         | 39/391 [00:06<00:47,  7.45it/s]
 10%|█         | 40/391 [00:06<00:47,  7.46it/s]
 10%|█         | 41/391 [00:07<00:46,  7.47it/s]
 11%|█         | 42/391 [00:07<00:46,  7.48it/s]
 11%|█         | 43/391 [00:07<00:46,  7.47it/s]
 11%|█▏        | 44/391 [00:07<00:46,  7.47it/s]
 12%|█▏        | 45/391 [00:07<00:46,  7.38it/s]
 12%|█▏        | 46/391 [00:07<00:46,  7.43it/s]
 12%|█▏        | 47/391 [00:07<00:46,  7.45it/s]
 12%|█▏        | 48/391 [00:07<00:45,  7.46it/s]
 13%|█▎        | 49/391 [00:08<00:45,  7.47it/s]
 13%|█▎        | 50/391 [00:08<00:46,  7.36it/s]
 13%|█▎        | 51/391 [00:08<00:46,  7.38it/s]
 13%|█▎        | 52/391 [00:08<00:45,  7.41it/s]
 14%|█▎        | 53/391 [00:08<00:45,  7.36it/s]
 14%|█▍        | 54/391 [00:08<00:45,  7.41it/s]
 14%|█▍        | 55/391 [00:08<00:45,  7.40it/s]
 14%|█▍        | 56/391 [00:09<00:45,  7.41it/s]
 15%|█▍        | 57/391 [00:09<00:44,  7.43it/s]
 15%|█▍        | 58/391 [00:09<00:44,  7.42it/s]
 15%|█▌        | 59/391 [00:09<00:44,  7.42it/s]
 15%|█▌        | 60/391 [00:09<00:44,  7.45it/s]
 16%|█▌        | 61/391 [00:09<00:44,  7.44it/s]
 16%|█▌        | 62/391 [00:09<00:44,  7.45it/s]
 16%|█▌        | 63/391 [00:09<00:43,  7.46it/s]
 16%|█▋        | 64/391 [00:10<00:43,  7.44it/s]
 17%|█▋        | 65/391 [00:10<00:43,  7.46it/s]
 17%|█▋        | 66/391 [00:10<00:43,  7.45it/s]
 17%|█▋        | 67/391 [00:10<00:43,  7.44it/s]
 17%|█▋        | 68/391 [00:10<00:43,  7.44it/s]
 18%|█▊        | 69/391 [00:10<00:43,  7.46it/s]
 18%|█▊        | 70/391 [00:10<00:43,  7.39it/s]
 18%|█▊        | 71/391 [00:11<00:43,  7.42it/s]
 18%|█▊        | 72/391 [00:11<00:42,  7.43it/s]
 19%|█▊        | 73/391 [00:11<00:42,  7.43it/s]
 19%|█▉        | 74/391 [00:11<00:42,  7.42it/s]
 19%|█▉        | 75/391 [00:11<00:42,  7.43it/s]
 19%|█▉        | 76/391 [00:11<00:42,  7.45it/s]
 20%|█▉        | 77/391 [00:11<00:42,  7.47it/s]
 20%|█▉        | 78/391 [00:12<00:41,  7.47it/s]
 20%|██        | 79/391 [00:12<00:41,  7.46it/s]
 20%|██        | 80/391 [00:12<00:41,  7.45it/s]
 21%|██        | 81/391 [00:12<00:41,  7.41it/s]
 21%|██        | 82/391 [00:12<00:41,  7.41it/s]
 21%|██        | 83/391 [00:12<00:41,  7.37it/s]
 21%|██▏       | 84/391 [00:12<00:41,  7.41it/s]
 22%|██▏       | 85/391 [00:12<00:41,  7.44it/s]
 22%|██▏       | 86/391 [00:13<00:40,  7.46it/s]
 22%|██▏       | 87/391 [00:13<00:40,  7.47it/s]
 23%|██▎       | 88/391 [00:13<00:40,  7.47it/s]
 23%|██▎       | 89/391 [00:13<00:40,  7.48it/s]
 23%|██▎       | 90/391 [00:13<00:40,  7.48it/s]
 23%|██▎       | 91/391 [00:13<00:40,  7.47it/s]
 24%|██▎       | 92/391 [00:13<00:39,  7.48it/s]
 24%|██▍       | 93/391 [00:14<00:39,  7.48it/s]
 24%|██▍       | 94/391 [00:14<00:39,  7.49it/s]
 24%|██▍       | 95/391 [00:14<00:39,  7.47it/s]
 25%|██▍       | 96/391 [00:14<00:39,  7.46it/s]
 25%|██▍       | 97/391 [00:14<00:39,  7.47it/s]
 25%|██▌       | 98/391 [00:14<00:39,  7.46it/s]
 25%|██▌       | 99/391 [00:14<00:39,  7.46it/s]
 26%|██▌       | 100/391 [00:14<00:39,  7.45it/s]
 26%|██▌       | 101/391 [00:15<00:38,  7.45it/s]
 26%|██▌       | 102/391 [00:15<00:38,  7.44it/s]
 26%|██▋       | 103/391 [00:15<00:38,  7.46it/s]
 27%|██▋       | 104/391 [00:15<00:38,  7.45it/s]
 27%|██▋       | 105/391 [00:15<00:38,  7.43it/s]
 27%|██▋       | 106/391 [00:15<00:38,  7.45it/s]
 27%|██▋       | 107/391 [00:15<00:38,  7.44it/s]
 28%|██▊       | 108/391 [00:16<00:37,  7.45it/s]
 28%|██▊       | 109/391 [00:16<00:37,  7.46it/s]
 28%|██▊       | 110/391 [00:16<00:37,  7.46it/s]
 28%|██▊       | 111/391 [00:16<00:37,  7.46it/s]
 29%|██▊       | 112/391 [00:16<00:37,  7.45it/s]
 29%|██▉       | 113/391 [00:16<00:37,  7.46it/s]
 29%|██▉       | 114/391 [00:16<00:37,  7.46it/s]
 29%|██▉       | 115/391 [00:16<00:36,  7.47it/s]
 30%|██▉       | 116/391 [00:17<00:36,  7.47it/s]
 30%|██▉       | 117/391 [00:17<00:36,  7.47it/s]
 30%|███       | 118/391 [00:17<00:36,  7.46it/s]
 30%|███       | 119/391 [00:17<00:36,  7.44it/s]
 31%|███       | 120/391 [00:17<00:36,  7.45it/s]
 31%|███       | 121/391 [00:17<00:36,  7.45it/s]
 31%|███       | 122/391 [00:17<00:36,  7.45it/s]
 31%|███▏      | 123/391 [00:18<00:35,  7.45it/s]
 32%|███▏      | 124/391 [00:18<00:35,  7.45it/s]
 32%|███▏      | 125/391 [00:18<00:35,  7.43it/s]
 32%|███▏      | 126/391 [00:18<00:35,  7.43it/s]
 32%|███▏      | 127/391 [00:18<00:35,  7.44it/s]
 33%|███▎      | 128/391 [00:18<00:35,  7.45it/s]
 33%|███▎      | 129/391 [00:18<00:35,  7.44it/s]
 33%|███▎      | 130/391 [00:18<00:35,  7.42it/s]
 34%|███▎      | 131/391 [00:19<00:34,  7.45it/s]
 34%|███▍      | 132/391 [00:19<00:34,  7.45it/s]
 34%|███▍      | 133/391 [00:19<00:34,  7.47it/s]
 34%|███▍      | 134/391 [00:19<00:34,  7.47it/s]
 35%|███▍      | 135/391 [00:19<00:34,  7.45it/s]
 35%|███▍      | 136/391 [00:19<00:34,  7.46it/s]
 35%|███▌      | 137/391 [00:19<00:34,  7.44it/s]
 35%|███▌      | 138/391 [00:20<00:33,  7.45it/s]
 36%|███▌      | 139/391 [00:20<00:33,  7.43it/s]
 36%|███▌      | 140/391 [00:20<00:33,  7.43it/s]
 36%|███▌      | 141/391 [00:20<00:33,  7.42it/s]
 36%|███▋      | 142/391 [00:20<00:33,  7.43it/s]
 37%|███▋      | 143/391 [00:20<00:33,  7.43it/s]
 37%|███▋      | 144/391 [00:20<00:33,  7.44it/s]
 37%|███▋      | 145/391 [00:21<00:33,  7.35it/s]
 37%|███▋      | 146/391 [00:21<00:33,  7.39it/s]
 38%|███▊      | 147/391 [00:21<00:33,  7.39it/s]
 38%|███▊      | 148/391 [00:21<00:32,  7.39it/s]
 38%|███▊      | 149/391 [00:21<00:32,  7.41it/s]
 38%|███▊      | 150/391 [00:21<00:32,  7.44it/s]
 39%|███▊      | 151/391 [00:21<00:32,  7.42it/s]
 39%|███▉      | 152/391 [00:21<00:32,  7.44it/s]
 39%|███▉      | 153/391 [00:22<00:32,  7.44it/s]
 39%|███▉      | 154/391 [00:22<00:31,  7.41it/s]
 40%|███▉      | 155/391 [00:22<00:32,  7.36it/s]
 40%|███▉      | 156/391 [00:22<00:31,  7.40it/s]
 40%|████      | 157/391 [00:22<00:31,  7.42it/s]
 40%|████      | 158/391 [00:22<00:31,  7.44it/s]
 41%|████      | 159/391 [00:22<00:31,  7.45it/s]
 41%|████      | 160/391 [00:23<00:30,  7.46it/s]
 41%|████      | 161/391 [00:23<00:31,  7.41it/s]
 41%|████▏     | 162/391 [00:23<00:30,  7.42it/s]
 42%|████▏     | 163/391 [00:23<00:30,  7.44it/s]
 42%|████▏     | 164/391 [00:23<00:30,  7.45it/s]
 42%|████▏     | 165/391 [00:23<00:30,  7.44it/s]
 42%|████▏     | 166/391 [00:23<00:30,  7.44it/s]
 43%|████▎     | 167/391 [00:23<00:30,  7.44it/s]
 43%|████▎     | 168/391 [00:24<00:30,  7.43it/s]
 43%|████▎     | 169/391 [00:24<00:29,  7.43it/s]
 43%|████▎     | 170/391 [00:24<00:29,  7.44it/s]
 44%|████▎     | 171/391 [00:24<00:29,  7.44it/s]
 44%|████▍     | 172/391 [00:24<00:29,  7.42it/s]
 44%|████▍     | 173/391 [00:24<00:29,  7.43it/s]
 45%|████▍     | 174/391 [00:24<00:29,  7.44it/s]
 45%|████▍     | 175/391 [00:25<00:29,  7.44it/s]
 45%|████▌     | 176/391 [00:25<00:28,  7.43it/s]
 45%|████▌     | 177/391 [00:25<00:28,  7.44it/s]
 46%|████▌     | 178/391 [00:25<00:28,  7.44it/s]
 46%|████▌     | 179/391 [00:25<00:28,  7.45it/s]
 46%|████▌     | 180/391 [00:25<00:28,  7.44it/s]
 46%|████▋     | 181/391 [00:25<00:28,  7.45it/s]
 47%|████▋     | 182/391 [00:25<00:28,  7.33it/s]
 47%|████▋     | 183/391 [00:26<00:28,  7.38it/s]
 47%|████▋     | 184/391 [00:26<00:28,  7.36it/s]
 47%|████▋     | 185/391 [00:26<00:27,  7.37it/s]
 48%|████▊     | 186/391 [00:26<00:27,  7.40it/s]
 48%|████▊     | 187/391 [00:26<00:27,  7.43it/s]
 48%|████▊     | 188/391 [00:26<00:27,  7.43it/s]
 48%|████▊     | 189/391 [00:26<00:27,  7.45it/s]
 49%|████▊     | 190/391 [00:27<00:26,  7.46it/s]
 49%|████▉     | 191/391 [00:27<00:26,  7.46it/s]
 49%|████▉     | 192/391 [00:27<00:26,  7.45it/s]
 49%|████▉     | 193/391 [00:27<00:26,  7.46it/s]
 50%|████▉     | 194/391 [00:27<00:26,  7.45it/s]
 50%|████▉     | 195/391 [00:27<00:26,  7.41it/s]
 50%|█████     | 196/391 [00:27<00:26,  7.43it/s]
 50%|█████     | 197/391 [00:28<00:26,  7.43it/s]
 51%|█████     | 198/391 [00:28<00:25,  7.44it/s]
 51%|█████     | 199/391 [00:28<00:25,  7.43it/s]
 51%|█████     | 200/391 [00:28<00:25,  7.43it/s]
 51%|█████▏    | 201/391 [00:28<00:25,  7.42it/s]
 52%|█████▏    | 202/391 [00:28<00:25,  7.44it/s]
 52%|█████▏    | 203/391 [00:28<00:25,  7.45it/s]
 52%|█████▏    | 204/391 [00:28<00:25,  7.46it/s]
 52%|█████▏    | 205/391 [00:29<00:24,  7.47it/s]
 53%|█████▎    | 206/391 [00:29<00:24,  7.47it/s]
 53%|█████▎    | 207/391 [00:29<00:24,  7.45it/s]
 53%|█████▎    | 208/391 [00:29<00:24,  7.44it/s]
 53%|█████▎    | 209/391 [00:29<00:24,  7.44it/s]
 54%|█████▎    | 210/391 [00:29<00:24,  7.46it/s]
 54%|█████▍    | 211/391 [00:29<00:24,  7.45it/s]
 54%|█████▍    | 212/391 [00:30<00:24,  7.45it/s]
 54%|█████▍    | 213/391 [00:30<00:23,  7.45it/s]
 55%|█████▍    | 214/391 [00:30<00:23,  7.43it/s]
 55%|█████▍    | 215/391 [00:30<00:23,  7.44it/s]
 55%|█████▌    | 216/391 [00:30<00:23,  7.44it/s]
 55%|█████▌    | 217/391 [00:30<00:23,  7.44it/s]
 56%|█████▌    | 218/391 [00:30<00:23,  7.45it/s]
 56%|█████▌    | 219/391 [00:30<00:23,  7.44it/s]
 56%|█████▋    | 220/391 [00:31<00:23,  7.43it/s]
 57%|█████▋    | 221/391 [00:31<00:22,  7.42it/s]
 57%|█████▋    | 222/391 [00:31<00:22,  7.42it/s]
 57%|█████▋    | 223/391 [00:31<00:22,  7.43it/s]
 57%|█████▋    | 224/391 [00:31<00:22,  7.43it/s]
 58%|█████▊    | 225/391 [00:31<00:22,  7.45it/s]
 58%|█████▊    | 226/391 [00:31<00:22,  7.43it/s]
 58%|█████▊    | 227/391 [00:32<00:22,  7.42it/s]
 58%|█████▊    | 228/391 [00:32<00:21,  7.44it/s]
 59%|█████▊    | 229/391 [00:32<00:21,  7.44it/s]
 59%|█████▉    | 230/391 [00:32<00:21,  7.45it/s]
 59%|█████▉    | 231/391 [00:32<00:21,  7.42it/s]
 59%|█████▉    | 232/391 [00:32<00:21,  7.44it/s]
 60%|█████▉    | 233/391 [00:32<00:21,  7.45it/s]
 60%|█████▉    | 234/391 [00:32<00:21,  7.46it/s]
 60%|██████    | 235/391 [00:33<00:20,  7.44it/s]
 60%|██████    | 236/391 [00:33<00:20,  7.45it/s]
 61%|██████    | 237/391 [00:33<00:20,  7.45it/s]
 61%|██████    | 238/391 [00:33<00:20,  7.46it/s]
 61%|██████    | 239/391 [00:33<00:20,  7.41it/s]
 61%|██████▏   | 240/391 [00:33<00:20,  7.43it/s]
 62%|██████▏   | 241/391 [00:33<00:20,  7.41it/s]
 62%|██████▏   | 242/391 [00:34<00:20,  7.43it/s]
 62%|██████▏   | 243/391 [00:34<00:20,  7.34it/s]
 62%|██████▏   | 244/391 [00:34<00:19,  7.38it/s]
 63%|██████▎   | 245/391 [00:34<00:19,  7.41it/s]
 63%|██████▎   | 246/391 [00:34<00:19,  7.42it/s]
 63%|██████▎   | 247/391 [00:34<00:19,  7.44it/s]
 63%|██████▎   | 248/391 [00:34<00:19,  7.43it/s]
 64%|██████▎   | 249/391 [00:35<00:19,  7.42it/s]
 64%|██████▍   | 250/391 [00:35<00:18,  7.43it/s]
 64%|██████▍   | 251/391 [00:35<00:18,  7.43it/s]
 64%|██████▍   | 252/391 [00:35<00:18,  7.44it/s]
 65%|██████▍   | 253/391 [00:35<00:18,  7.42it/s]
 65%|██████▍   | 254/391 [00:35<00:18,  7.44it/s]
 65%|██████▌   | 255/391 [00:35<00:18,  7.44it/s]
 65%|██████▌   | 256/391 [00:35<00:18,  7.45it/s]
 66%|██████▌   | 257/391 [00:36<00:17,  7.45it/s]
 66%|██████▌   | 258/391 [00:36<00:17,  7.44it/s]
 66%|██████▌   | 259/391 [00:36<00:17,  7.44it/s]
 66%|██████▋   | 260/391 [00:36<00:17,  7.42it/s]
 67%|██████▋   | 261/391 [00:36<00:17,  7.42it/s]
 67%|██████▋   | 262/391 [00:36<00:17,  7.43it/s]
 67%|██████▋   | 263/391 [00:36<00:17,  7.44it/s]
 68%|██████▊   | 264/391 [00:37<00:17,  7.45it/s]
 68%|██████▊   | 265/391 [00:37<00:16,  7.45it/s]
 68%|██████▊   | 266/391 [00:37<00:16,  7.45it/s]
 68%|██████▊   | 267/391 [00:37<00:16,  7.45it/s]
 69%|██████▊   | 268/391 [00:37<00:16,  7.42it/s]
 69%|██████▉   | 269/391 [00:37<00:16,  7.41it/s]
 69%|██████▉   | 270/391 [00:37<00:16,  7.42it/s]
 69%|██████▉   | 271/391 [00:37<00:16,  7.41it/s]
 70%|██████▉   | 272/391 [00:38<00:16,  7.42it/s]
 70%|██████▉   | 273/391 [00:38<00:15,  7.42it/s]
 70%|███████   | 274/391 [00:38<00:15,  7.41it/s]
 70%|███████   | 275/391 [00:38<00:15,  7.41it/s]
 71%|███████   | 276/391 [00:38<00:15,  7.42it/s]
 71%|███████   | 277/391 [00:38<00:15,  7.42it/s]
 71%|███████   | 278/391 [00:38<00:15,  7.41it/s]
 71%|███████▏  | 279/391 [00:39<00:15,  7.40it/s]
 72%|███████▏  | 280/391 [00:39<00:14,  7.42it/s]
 72%|███████▏  | 281/391 [00:39<00:14,  7.34it/s]
 72%|███████▏  | 282/391 [00:39<00:14,  7.37it/s]
 72%|███████▏  | 283/391 [00:39<00:14,  7.40it/s]
 73%|███████▎  | 284/391 [00:39<00:14,  7.41it/s]
 73%|███████▎  | 285/391 [00:39<00:14,  7.43it/s]
 73%|███████▎  | 286/391 [00:39<00:14,  7.42it/s]
 73%|███████▎  | 287/391 [00:40<00:14,  7.42it/s]
 74%|███████▎  | 288/391 [00:40<00:13,  7.40it/s]
 74%|███████▍  | 289/391 [00:40<00:13,  7.42it/s]
 74%|███████▍  | 290/391 [00:40<00:13,  7.43it/s]
 74%|███████▍  | 291/391 [00:40<00:13,  7.42it/s]
 75%|███████▍  | 292/391 [00:40<00:13,  7.42it/s]
 75%|███████▍  | 293/391 [00:40<00:13,  7.42it/s]
 75%|███████▌  | 294/391 [00:41<00:13,  7.40it/s]
 75%|███████▌  | 295/391 [00:41<00:12,  7.42it/s]
 76%|███████▌  | 296/391 [00:41<00:12,  7.42it/s]
 76%|███████▌  | 297/391 [00:41<00:12,  7.42it/s]
 76%|███████▌  | 298/391 [00:41<00:12,  7.35it/s]
 76%|███████▋  | 299/391 [00:41<00:12,  7.39it/s]
 77%|███████▋  | 300/391 [00:41<00:12,  7.41it/s]
 77%|███████▋  | 301/391 [00:42<00:12,  7.36it/s]
 77%|███████▋  | 302/391 [00:42<00:12,  7.39it/s]
 77%|███████▋  | 303/391 [00:42<00:11,  7.41it/s]
 78%|███████▊  | 304/391 [00:42<00:11,  7.43it/s]
 78%|███████▊  | 305/391 [00:42<00:11,  7.43it/s]
 78%|███████▊  | 306/391 [00:42<00:11,  7.41it/s]
 79%|███████▊  | 307/391 [00:42<00:11,  7.42it/s]
 79%|███████▉  | 308/391 [00:42<00:11,  7.42it/s]
 79%|███████▉  | 309/391 [00:43<00:11,  7.41it/s]
 79%|███████▉  | 310/391 [00:43<00:10,  7.40it/s]
 80%|███████▉  | 311/391 [00:43<00:10,  7.40it/s]
 80%|███████▉  | 312/391 [00:43<00:10,  7.33it/s]
 80%|████████  | 313/391 [00:43<00:10,  7.37it/s]
 80%|████████  | 314/391 [00:43<00:10,  7.40it/s]
 81%|████████  | 315/391 [00:43<00:10,  7.42it/s]
 81%|████████  | 316/391 [00:44<00:10,  7.44it/s]
 81%|████████  | 317/391 [00:44<00:10,  7.35it/s]
 81%|████████▏ | 318/391 [00:44<00:09,  7.39it/s]
 82%|████████▏ | 319/391 [00:44<00:09,  7.41it/s]
 82%|████████▏ | 320/391 [00:44<00:09,  7.42it/s]
 82%|████████▏ | 321/391 [00:44<00:09,  7.43it/s]
 82%|████████▏ | 322/391 [00:44<00:09,  7.43it/s]
 83%|████████▎ | 323/391 [00:44<00:09,  7.44it/s]
 83%|████████▎ | 324/391 [00:45<00:09,  7.43it/s]
 83%|████████▎ | 325/391 [00:45<00:08,  7.44it/s]
 83%|████████▎ | 326/391 [00:45<00:08,  7.42it/s]
 84%|████████▎ | 327/391 [00:45<00:08,  7.40it/s]
 84%|████████▍ | 328/391 [00:45<00:08,  7.41it/s]
 84%|████████▍ | 329/391 [00:45<00:08,  7.41it/s]
 84%|████████▍ | 330/391 [00:45<00:08,  7.30it/s]
 85%|████████▍ | 331/391 [00:46<00:08,  7.36it/s]
 85%|████████▍ | 332/391 [00:46<00:08,  7.36it/s]
 85%|████████▌ | 333/391 [00:46<00:07,  7.39it/s]
 85%|████████▌ | 334/391 [00:46<00:07,  7.42it/s]
 86%|████████▌ | 335/391 [00:46<00:07,  7.40it/s]
 86%|████████▌ | 336/391 [00:46<00:07,  7.41it/s]
 86%|████████▌ | 337/391 [00:46<00:07,  7.40it/s]
 86%|████████▋ | 338/391 [00:47<00:07,  7.41it/s]
 87%|████████▋ | 339/391 [00:47<00:07,  7.40it/s]
 87%|████████▋ | 340/391 [00:47<00:06,  7.40it/s]
 87%|████████▋ | 341/391 [00:47<00:06,  7.42it/s]
 87%|████████▋ | 342/391 [00:47<00:06,  7.40it/s]
 88%|████████▊ | 343/391 [00:47<00:06,  7.42it/s]
 88%|████████▊ | 344/391 [00:47<00:06,  7.42it/s]
 88%|████████▊ | 345/391 [00:47<00:06,  7.42it/s]
 88%|████████▊ | 346/391 [00:48<00:06,  7.39it/s]
 89%|████████▊ | 347/391 [00:48<00:05,  7.41it/s]
 89%|████████▉ | 348/391 [00:48<00:05,  7.40it/s]
 89%|████████▉ | 349/391 [00:48<00:05,  7.39it/s]
 90%|████████▉ | 350/391 [00:48<00:05,  7.32it/s]
 90%|████████▉ | 351/391 [00:48<00:05,  7.34it/s]
 90%|█████████ | 352/391 [00:48<00:05,  7.34it/s]
 90%|█████████ | 353/391 [00:49<00:05,  7.35it/s]
 91%|█████████ | 354/391 [00:49<00:05,  7.37it/s]
 91%|█████████ | 355/391 [00:49<00:04,  7.39it/s]
 91%|█████████ | 356/391 [00:49<00:04,  7.39it/s]
 91%|█████████▏| 357/391 [00:49<00:04,  7.40it/s]
 92%|█████████▏| 358/391 [00:49<00:04,  7.42it/s]
 92%|█████████▏| 359/391 [00:49<00:04,  7.43it/s]
 92%|█████████▏| 360/391 [00:49<00:04,  7.41it/s]
 92%|█████████▏| 361/391 [00:50<00:04,  7.42it/s]
 93%|█████████▎| 362/391 [00:50<00:03,  7.41it/s]
 93%|█████████▎| 363/391 [00:50<00:03,  7.41it/s]
 93%|█████████▎| 364/391 [00:50<00:03,  7.41it/s]
 93%|█████████▎| 365/391 [00:50<00:03,  7.41it/s]
 94%|█████████▎| 366/391 [00:50<00:03,  7.42it/s]
 94%|█████████▍| 367/391 [00:50<00:03,  7.43it/s]
 94%|█████████▍| 368/391 [00:51<00:03,  7.38it/s]
 94%|█████████▍| 369/391 [00:51<00:02,  7.39it/s]
 95%|█████████▍| 370/391 [00:51<00:02,  7.42it/s]
 95%|█████████▍| 371/391 [00:51<00:02,  7.41it/s]
 95%|█████████▌| 372/391 [00:51<00:02,  7.40it/s]
 95%|█████████▌| 373/391 [00:51<00:02,  7.41it/s]
 96%|█████████▌| 374/391 [00:51<00:02,  7.42it/s]
 96%|█████████▌| 375/391 [00:52<00:02,  7.42it/s]
 96%|█████████▌| 376/391 [00:52<00:02,  7.43it/s]
 96%|█████████▋| 377/391 [00:52<00:01,  7.44it/s]
 97%|█████████▋| 378/391 [00:52<00:01,  7.46it/s]
 97%|█████████▋| 379/391 [00:52<00:01,  7.46it/s]
 97%|█████████▋| 380/391 [00:52<00:01,  7.47it/s]
 97%|█████████▋| 381/391 [00:52<00:01,  7.47it/s]
 98%|█████████▊| 382/391 [00:52<00:01,  7.48it/s]
 98%|█████████▊| 383/391 [00:53<00:01,  7.48it/s]
 98%|█████████▊| 384/391 [00:53<00:00,  7.48it/s]
 98%|█████████▊| 385/391 [00:53<00:00,  7.48it/s]
 99%|█████████▊| 386/391 [00:53<00:00,  7.49it/s]
 99%|█████████▉| 387/391 [00:53<00:00,  7.49it/s]
 99%|█████████▉| 388/391 [00:53<00:00,  7.49it/s]
 99%|█████████▉| 389/391 [00:53<00:00,  7.48it/s]
100%|█████████▉| 390/391 [00:54<00:00,  7.49it/s]
100%|██████████| 391/391 [00:54<00:00,  7.22it/s]
FP32 accuracy: Top1: 76.060% Top5: 92.974%

PTQ

Model Validate 1
2024-05-09 20:46:55,552 - Utils - INFO - Running validator check <function validate_for_reused_modules at 0x7f7d8d132ca0>
2024-05-09 20:46:55,563 - Utils - ERROR - The following modules are used more than once in the model: ['layer1.0.relu', 'layer1.1.relu', 'layer1.2.relu', 'layer2.0.relu', 'layer2.1.relu', 'layer2.2.relu', 'layer2.3.relu', 'layer3.0.relu', 'layer3.1.relu', 'layer3.2.relu', 'layer3.3.relu', 'layer3.4.relu', 'layer3.5.relu', 'layer4.0.relu', 'layer4.1.relu', 'layer4.2.relu']
AIMET features are not designed to work with reused modules. Please redefine your model to use distinct modules for each instance.
2024-05-09 20:46:55,563 - Utils - INFO - Running validator check <function validate_for_missing_modules at 0x7f7d8d132d30>
2024-05-09 20:46:55,855 - Utils - ERROR - Functional ops that are not marked as math invariant were found in the model. AIMET features will not work properly for such ops.
Consider the following choices: 
1. Redefine as a torch.nn.Module in the class definition.
2. The op can remain as a functional op due to being math invariant, but the op type has not been added to ConnectedGraph.math_invariant_types set. 
Add an entry to ignore the op by importing the set and adding the op type:

	from aimet_torch.meta.connectedgraph import ConnectedGraph
	ConnectedGraph.math_invariant_types.add(...)

The following functional ops were found. The parent module is named for ease of locating the ops within the model definition.
	Add_15           parent module: ResNet.layer1.0
	Add_26           parent module: ResNet.layer1.1
	Add_37           parent module: ResNet.layer1.2
	Add_50           parent module: ResNet.layer2.0
	Add_61           parent module: ResNet.layer2.1
	Add_72           parent module: ResNet.layer2.2
	Add_83           parent module: ResNet.layer2.3
	Add_96           parent module: ResNet.layer3.0
	Add_107          parent module: ResNet.layer3.1
	Add_118          parent module: ResNet.layer3.2
	Add_129          parent module: ResNet.layer3.3
	Add_140          parent module: ResNet.layer3.4
	Add_151          parent module: ResNet.layer3.5
	Add_164          parent module: ResNet.layer4.0
	Add_175          parent module: ResNet.layer4.1
	Add_186          parent module: ResNet.layer4.2

2024-05-09 20:46:55,855 - Utils - INFO - The following validator checks failed:
2024-05-09 20:46:55,855 - Utils - INFO - 	<function validate_for_reused_modules at 0x7f7d8d132ca0>
2024-05-09 20:46:55,855 - Utils - INFO - 	<function validate_for_missing_modules at 0x7f7d8d132d30>

Prepare Model
2024-05-09 20:46:55,871 - Quant - INFO - Reused/Duplicate   : Adding new module for node: {layer1_0_relu_1} 
2024-05-09 20:46:55,871 - Quant - INFO - Functional         : Adding new module for node: {add} 
2024-05-09 20:46:55,871 - Quant - INFO - Reused/Duplicate   : Adding new module for node: {layer1_0_relu_2} 
2024-05-09 20:46:55,871 - Quant - INFO - Reused/Duplicate   : Adding new module for node: {layer1_1_relu_1} 
2024-05-09 20:46:55,871 - Quant - INFO - Functional         : Adding new module for node: {add_1} 
2024-05-09 20:46:55,871 - Quant - INFO - Reused/Duplicate   : Adding new module for node: {layer1_1_relu_2} 
2024-05-09 20:46:55,872 - Quant - INFO - Reused/Duplicate   : Adding new module for node: {layer1_2_relu_1} 
2024-05-09 20:46:55,872 - Quant - INFO - Functional         : Adding new module for node: {add_2} 
2024-05-09 20:46:55,872 - Quant - INFO - Reused/Duplicate   : Adding new module for node: {layer1_2_relu_2} 
2024-05-09 20:46:55,872 - Quant - INFO - Reused/Duplicate   : Adding new module for node: {layer2_0_relu_1} 
2024-05-09 20:46:55,872 - Quant - INFO - Functional         : Adding new module for node: {add_3} 
2024-05-09 20:46:55,872 - Quant - INFO - Reused/Duplicate   : Adding new module for node: {layer2_0_relu_2} 
2024-05-09 20:46:55,872 - Quant - INFO - Reused/Duplicate   : Adding new module for node: {layer2_1_relu_1} 
2024-05-09 20:46:55,873 - Quant - INFO - Functional         : Adding new module for node: {add_4} 
2024-05-09 20:46:55,873 - Quant - INFO - Reused/Duplicate   : Adding new module for node: {layer2_1_relu_2} 
2024-05-09 20:46:55,873 - Quant - INFO - Reused/Duplicate   : Adding new module for node: {layer2_2_relu_1} 
2024-05-09 20:46:55,873 - Quant - INFO - Functional         : Adding new module for node: {add_5} 
2024-05-09 20:46:55,873 - Quant - INFO - Reused/Duplicate   : Adding new module for node: {layer2_2_relu_2} 
2024-05-09 20:46:55,873 - Quant - INFO - Reused/Duplicate   : Adding new module for node: {layer2_3_relu_1} 
2024-05-09 20:46:55,874 - Quant - INFO - Functional         : Adding new module for node: {add_6} 
2024-05-09 20:46:55,874 - Quant - INFO - Reused/Duplicate   : Adding new module for node: {layer2_3_relu_2} 
2024-05-09 20:46:55,874 - Quant - INFO - Reused/Duplicate   : Adding new module for node: {layer3_0_relu_1} 
2024-05-09 20:46:55,874 - Quant - INFO - Functional         : Adding new module for node: {add_7} 
2024-05-09 20:46:55,874 - Quant - INFO - Reused/Duplicate   : Adding new module for node: {layer3_0_relu_2} 
2024-05-09 20:46:55,874 - Quant - INFO - Reused/Duplicate   : Adding new module for node: {layer3_1_relu_1} 
2024-05-09 20:46:55,875 - Quant - INFO - Functional         : Adding new module for node: {add_8} 
2024-05-09 20:46:55,875 - Quant - INFO - Reused/Duplicate   : Adding new module for node: {layer3_1_relu_2} 
2024-05-09 20:46:55,875 - Quant - INFO - Reused/Duplicate   : Adding new module for node: {layer3_2_relu_1} 
2024-05-09 20:46:55,875 - Quant - INFO - Functional         : Adding new module for node: {add_9} 
2024-05-09 20:46:55,875 - Quant - INFO - Reused/Duplicate   : Adding new module for node: {layer3_2_relu_2} 
2024-05-09 20:46:55,875 - Quant - INFO - Reused/Duplicate   : Adding new module for node: {layer3_3_relu_1} 
2024-05-09 20:46:55,876 - Quant - INFO - Functional         : Adding new module for node: {add_10} 
2024-05-09 20:46:55,876 - Quant - INFO - Reused/Duplicate   : Adding new module for node: {layer3_3_relu_2} 
2024-05-09 20:46:55,876 - Quant - INFO - Reused/Duplicate   : Adding new module for node: {layer3_4_relu_1} 
2024-05-09 20:46:55,876 - Quant - INFO - Functional         : Adding new module for node: {add_11} 
2024-05-09 20:46:55,876 - Quant - INFO - Reused/Duplicate   : Adding new module for node: {layer3_4_relu_2} 
2024-05-09 20:46:55,876 - Quant - INFO - Reused/Duplicate   : Adding new module for node: {layer3_5_relu_1} 
2024-05-09 20:46:55,877 - Quant - INFO - Functional         : Adding new module for node: {add_12} 
2024-05-09 20:46:55,877 - Quant - INFO - Reused/Duplicate   : Adding new module for node: {layer3_5_relu_2} 
2024-05-09 20:46:55,877 - Quant - INFO - Reused/Duplicate   : Adding new module for node: {layer4_0_relu_1} 
2024-05-09 20:46:55,877 - Quant - INFO - Functional         : Adding new module for node: {add_13} 
2024-05-09 20:46:55,877 - Quant - INFO - Reused/Duplicate   : Adding new module for node: {layer4_0_relu_2} 
2024-05-09 20:46:55,877 - Quant - INFO - Reused/Duplicate   : Adding new module for node: {layer4_1_relu_1} 
2024-05-09 20:46:55,878 - Quant - INFO - Functional         : Adding new module for node: {add_14} 
2024-05-09 20:46:55,878 - Quant - INFO - Reused/Duplicate   : Adding new module for node: {layer4_1_relu_2} 
2024-05-09 20:46:55,878 - Quant - INFO - Reused/Duplicate   : Adding new module for node: {layer4_2_relu_1} 
2024-05-09 20:46:55,878 - Quant - INFO - Functional         : Adding new module for node: {add_15} 
2024-05-09 20:46:55,878 - Quant - INFO - Reused/Duplicate   : Adding new module for node: {layer4_2_relu_2} 

Model Validate 2
2024-05-09 20:46:55,884 - Utils - INFO - Running validator check <function validate_for_reused_modules at 0x7f7d8d132ca0>
2024-05-09 20:46:55,892 - Utils - INFO - Running validator check <function validate_for_missing_modules at 0x7f7d8d132d30>
2024-05-09 20:46:56,473 - Utils - INFO - All validation checks passed.

CLE......
2024-05-09 20:46:57,127 - Utils - INFO - ...... subset to store [Conv_0, BatchNormalization_1]
2024-05-09 20:46:57,127 - Utils - INFO - ...... subset to store [Conv_4, BatchNormalization_5]
2024-05-09 20:46:57,127 - Utils - INFO - ...... subset to store [Conv_7, BatchNormalization_8]
2024-05-09 20:46:57,127 - Utils - INFO - ...... subset to store [Conv_10, BatchNormalization_11]
2024-05-09 20:46:57,127 - Utils - INFO - ...... subset to store [Conv_16, BatchNormalization_17]
2024-05-09 20:46:57,127 - Utils - INFO - ...... subset to store [Conv_19, BatchNormalization_20]
2024-05-09 20:46:57,127 - Utils - INFO - ...... subset to store [Conv_22, BatchNormalization_23]
2024-05-09 20:46:57,128 - Utils - INFO - ...... subset to store [Conv_26, BatchNormalization_27]
2024-05-09 20:46:57,128 - Utils - INFO - ...... subset to store [Conv_29, BatchNormalization_30]
2024-05-09 20:46:57,128 - Utils - INFO - ...... subset to store [Conv_32, BatchNormalization_33]
2024-05-09 20:46:57,128 - Utils - INFO - ...... subset to store [Conv_36, BatchNormalization_37]
2024-05-09 20:46:57,128 - Utils - INFO - ...... subset to store [Conv_39, BatchNormalization_40]
2024-05-09 20:46:57,128 - Utils - INFO - ...... subset to store [Conv_42, BatchNormalization_43]
2024-05-09 20:46:57,128 - Utils - INFO - ...... subset to store [Conv_48, BatchNormalization_49]
2024-05-09 20:46:57,128 - Utils - INFO - ...... subset to store [Conv_51, BatchNormalization_52]
2024-05-09 20:46:57,128 - Utils - INFO - ...... subset to store [Conv_54, BatchNormalization_55]
2024-05-09 20:46:57,128 - Utils - INFO - ...... subset to store [Conv_58, BatchNormalization_59]
2024-05-09 20:46:57,128 - Utils - INFO - ...... subset to store [Conv_61, BatchNormalization_62]
2024-05-09 20:46:57,128 - Utils - INFO - ...... subset to store [Conv_64, BatchNormalization_65]
2024-05-09 20:46:57,128 - Utils - INFO - ...... subset to store [Conv_68, BatchNormalization_69]
2024-05-09 20:46:57,128 - Utils - INFO - ...... subset to store [Conv_71, BatchNormalization_72]
2024-05-09 20:46:57,128 - Utils - INFO - ...... subset to store [Conv_74, BatchNormalization_75]
2024-05-09 20:46:57,128 - Utils - INFO - ...... subset to store [Conv_78, BatchNormalization_79]
2024-05-09 20:46:57,128 - Utils - INFO - ...... subset to store [Conv_81, BatchNormalization_82]
2024-05-09 20:46:57,128 - Utils - INFO - ...... subset to store [Conv_84, BatchNormalization_85]
2024-05-09 20:46:57,129 - Utils - INFO - ...... subset to store [Conv_90, BatchNormalization_91]
2024-05-09 20:46:57,129 - Utils - INFO - ...... subset to store [Conv_93, BatchNormalization_94]
2024-05-09 20:46:57,129 - Utils - INFO - ...... subset to store [Conv_96, BatchNormalization_97]
2024-05-09 20:46:57,129 - Utils - INFO - ...... subset to store [Conv_100, BatchNormalization_101]
2024-05-09 20:46:57,129 - Utils - INFO - ...... subset to store [Conv_103, BatchNormalization_104]
2024-05-09 20:46:57,129 - Utils - INFO - ...... subset to store [Conv_106, BatchNormalization_107]
2024-05-09 20:46:57,129 - Utils - INFO - ...... subset to store [Conv_110, BatchNormalization_111]
2024-05-09 20:46:57,129 - Utils - INFO - ...... subset to store [Conv_113, BatchNormalization_114]
2024-05-09 20:46:57,129 - Utils - INFO - ...... subset to store [Conv_116, BatchNormalization_117]
2024-05-09 20:46:57,129 - Utils - INFO - ...... subset to store [Conv_120, BatchNormalization_121]
2024-05-09 20:46:57,129 - Utils - INFO - ...... subset to store [Conv_123, BatchNormalization_124]
2024-05-09 20:46:57,129 - Utils - INFO - ...... subset to store [Conv_126, BatchNormalization_127]
2024-05-09 20:46:57,129 - Utils - INFO - ...... subset to store [Conv_130, BatchNormalization_131]
2024-05-09 20:46:57,129 - Utils - INFO - ...... subset to store [Conv_133, BatchNormalization_134]
2024-05-09 20:46:57,129 - Utils - INFO - ...... subset to store [Conv_136, BatchNormalization_137]
2024-05-09 20:46:57,129 - Utils - INFO - ...... subset to store [Conv_140, BatchNormalization_141]
2024-05-09 20:46:57,129 - Utils - INFO - ...... subset to store [Conv_143, BatchNormalization_144]
2024-05-09 20:46:57,129 - Utils - INFO - ...... subset to store [Conv_146, BatchNormalization_147]
2024-05-09 20:46:57,129 - Utils - INFO - ...... subset to store [Conv_152, BatchNormalization_153]
2024-05-09 20:46:57,130 - Utils - INFO - ...... subset to store [Conv_155, BatchNormalization_156]
2024-05-09 20:46:57,130 - Utils - INFO - ...... subset to store [Conv_158, BatchNormalization_159]
2024-05-09 20:46:57,130 - Utils - INFO - ...... subset to store [Conv_162, BatchNormalization_163]
2024-05-09 20:46:57,130 - Utils - INFO - ...... subset to store [Conv_165, BatchNormalization_166]
2024-05-09 20:46:57,130 - Utils - INFO - ...... subset to store [Conv_168, BatchNormalization_169]
2024-05-09 20:46:57,130 - Utils - INFO - ...... subset to store [Conv_148, BatchNormalization_149]
2024-05-09 20:46:57,130 - Utils - INFO - ...... subset to store [Conv_86, BatchNormalization_87]
2024-05-09 20:46:57,130 - Utils - INFO - ...... subset to store [Conv_44, BatchNormalization_45]
2024-05-09 20:46:57,130 - Utils - INFO - ...... subset to store [Conv_12, BatchNormalization_13]

BN.......

AdaRound....
2024-05-09 20:47:14,500 - Quant - INFO - No config file provided, defaulting to config file at /DATA/ModelQuantization/workspace/Raj/aimet/lib/python3.8/site-packages/aimet_common/quantsim_config/default_config.json
2024-05-09 20:47:14,525 - Quant - INFO - Unsupported op type Squeeze
2024-05-09 20:47:14,525 - Quant - INFO - Unsupported op type Pad
2024-05-09 20:47:14,525 - Quant - INFO - Unsupported op type Mean
2024-05-09 20:47:14,534 - Utils - INFO - ...... subset to store [Conv_0, Relu_2]
2024-05-09 20:47:14,534 - Utils - INFO - ...... subset to store [Conv_4, Relu_6]
2024-05-09 20:47:14,534 - Utils - INFO - ...... subset to store [Conv_7, Relu_9]
2024-05-09 20:47:14,534 - Utils - INFO - ...... subset to store [Add_14, Relu_15]
2024-05-09 20:47:14,534 - Utils - INFO - ...... subset to store [Conv_16, Relu_18]
2024-05-09 20:47:14,534 - Utils - INFO - ...... subset to store [Conv_19, Relu_21]
2024-05-09 20:47:14,534 - Utils - INFO - ...... subset to store [Add_24, Relu_25]
2024-05-09 20:47:14,534 - Utils - INFO - ...... subset to store [Conv_26, Relu_28]
2024-05-09 20:47:14,534 - Utils - INFO - ...... subset to store [Conv_29, Relu_31]
2024-05-09 20:47:14,535 - Utils - INFO - ...... subset to store [Add_34, Relu_35]
2024-05-09 20:47:14,535 - Utils - INFO - ...... subset to store [Conv_36, Relu_38]
2024-05-09 20:47:14,535 - Utils - INFO - ...... subset to store [Conv_39, Relu_41]
2024-05-09 20:47:14,535 - Utils - INFO - ...... subset to store [Add_46, Relu_47]
2024-05-09 20:47:14,535 - Utils - INFO - ...... subset to store [Conv_48, Relu_50]
2024-05-09 20:47:14,535 - Utils - INFO - ...... subset to store [Conv_51, Relu_53]
2024-05-09 20:47:14,535 - Utils - INFO - ...... subset to store [Add_56, Relu_57]
2024-05-09 20:47:14,535 - Utils - INFO - ...... subset to store [Conv_58, Relu_60]
2024-05-09 20:47:14,535 - Utils - INFO - ...... subset to store [Conv_61, Relu_63]
2024-05-09 20:47:14,535 - Utils - INFO - ...... subset to store [Add_66, Relu_67]
2024-05-09 20:47:14,535 - Utils - INFO - ...... subset to store [Conv_68, Relu_70]
2024-05-09 20:47:14,535 - Utils - INFO - ...... subset to store [Conv_71, Relu_73]
2024-05-09 20:47:14,535 - Utils - INFO - ...... subset to store [Add_76, Relu_77]
2024-05-09 20:47:14,535 - Utils - INFO - ...... subset to store [Conv_78, Relu_80]
2024-05-09 20:47:14,535 - Utils - INFO - ...... subset to store [Conv_81, Relu_83]
2024-05-09 20:47:14,535 - Utils - INFO - ...... subset to store [Add_88, Relu_89]
2024-05-09 20:47:14,535 - Utils - INFO - ...... subset to store [Conv_90, Relu_92]
2024-05-09 20:47:14,535 - Utils - INFO - ...... subset to store [Conv_93, Relu_95]
2024-05-09 20:47:14,535 - Utils - INFO - ...... subset to store [Add_98, Relu_99]
2024-05-09 20:47:14,536 - Utils - INFO - ...... subset to store [Conv_100, Relu_102]
2024-05-09 20:47:14,536 - Utils - INFO - ...... subset to store [Conv_103, Relu_105]
2024-05-09 20:47:14,536 - Utils - INFO - ...... subset to store [Add_108, Relu_109]
2024-05-09 20:47:14,536 - Utils - INFO - ...... subset to store [Conv_110, Relu_112]
2024-05-09 20:47:14,536 - Utils - INFO - ...... subset to store [Conv_113, Relu_115]
2024-05-09 20:47:14,536 - Utils - INFO - ...... subset to store [Add_118, Relu_119]
2024-05-09 20:47:14,536 - Utils - INFO - ...... subset to store [Conv_120, Relu_122]
2024-05-09 20:47:14,536 - Utils - INFO - ...... subset to store [Conv_123, Relu_125]
2024-05-09 20:47:14,536 - Utils - INFO - ...... subset to store [Add_128, Relu_129]
2024-05-09 20:47:14,536 - Utils - INFO - ...... subset to store [Conv_130, Relu_132]
2024-05-09 20:47:14,536 - Utils - INFO - ...... subset to store [Conv_133, Relu_135]
2024-05-09 20:47:14,536 - Utils - INFO - ...... subset to store [Add_138, Relu_139]
2024-05-09 20:47:14,536 - Utils - INFO - ...... subset to store [Conv_140, Relu_142]
2024-05-09 20:47:14,536 - Utils - INFO - ...... subset to store [Conv_143, Relu_145]
2024-05-09 20:47:14,536 - Utils - INFO - ...... subset to store [Add_150, Relu_151]
2024-05-09 20:47:14,536 - Utils - INFO - ...... subset to store [Conv_152, Relu_154]
2024-05-09 20:47:14,536 - Utils - INFO - ...... subset to store [Conv_155, Relu_157]
2024-05-09 20:47:14,536 - Utils - INFO - ...... subset to store [Add_160, Relu_161]
2024-05-09 20:47:14,536 - Utils - INFO - ...... subset to store [Conv_162, Relu_164]
2024-05-09 20:47:14,536 - Utils - INFO - ...... subset to store [Conv_165, Relu_167]
2024-05-09 20:47:14,536 - Utils - INFO - ...... subset to store [Add_170, Relu_171]
2024-05-09 20:47:14,537 - Quant - INFO - Selecting DefaultOpInstanceConfigGenerator to compute the specialized config. hw_version:default

/DATA/ModelQuantization/workspace/Raj/aimet/lib/python3.8/site-packages/torch/fx/graph.py:606: UserWarning: Attempted to insert a call_module Node with no underlying reference in the owning GraphModule! Call GraphModule.add_submodule to add the necessary submodule
  warnings.warn("Attempted to insert a call_module Node with "
2024-05-09 20:47:17,342 - Utils - INFO - Caching 1 batches from data loader at path location: /tmp/adaround/

  0%|          | 0/174 [00:00<?, ?it/s]
                                       
2024-05-09 20:47:17,350 - Quant - INFO - Started Optimizing weight rounding of module: conv1

  0%|          | 0/174 [00:00<?, ?it/s]
  1%|          | 1/174 [00:00<01:28,  1.96it/s]
                                               
2024-05-09 20:47:17,861 - Quant - INFO - Started Optimizing weight rounding of module: layer1.0.conv1

  1%|          | 1/174 [00:00<01:28,  1.96it/s]
  3%|▎         | 5/174 [00:00<00:25,  6.55it/s]
                                               
2024-05-09 20:47:18,221 - Quant - INFO - Started Optimizing weight rounding of module: layer1.0.conv2

  3%|▎         | 5/174 [00:00<00:25,  6.55it/s]
  5%|▍         | 8/174 [00:01<00:22,  7.27it/s]
                                               
2024-05-09 20:47:18,584 - Quant - INFO - Started Optimizing weight rounding of module: layer1.0.conv3

  5%|▍         | 8/174 [00:01<00:22,  7.27it/s]
  6%|▋         | 11/174 [00:01<00:25,  6.42it/s]
                                                
2024-05-09 20:47:19,132 - Quant - INFO - Started Optimizing weight rounding of module: layer1.0.downsample.0

  6%|▋         | 11/174 [00:01<00:25,  6.42it/s]
  7%|▋         | 13/174 [00:02<00:30,  5.23it/s]
                                                
2024-05-09 20:47:19,697 - Quant - INFO - Started Optimizing weight rounding of module: layer1.1.conv1

  7%|▋         | 13/174 [00:02<00:30,  5.23it/s]
 10%|▉         | 17/174 [00:02<00:27,  5.74it/s]
                                                
2024-05-09 20:47:20,309 - Quant - INFO - Started Optimizing weight rounding of module: layer1.1.conv2

 10%|▉         | 17/174 [00:02<00:27,  5.74it/s]
 11%|█▏        | 20/174 [00:03<00:25,  5.94it/s]
                                                
2024-05-09 20:47:20,777 - Quant - INFO - Started Optimizing weight rounding of module: layer1.1.conv3

 11%|█▏        | 20/174 [00:03<00:25,  5.94it/s]
 13%|█▎        | 23/174 [00:04<00:27,  5.39it/s]
                                                
2024-05-09 20:47:21,444 - Quant - INFO - Started Optimizing weight rounding of module: layer1.2.conv1

 13%|█▎        | 23/174 [00:04<00:27,  5.39it/s]
 16%|█▌        | 27/174 [00:04<00:26,  5.51it/s]
                                                
2024-05-09 20:47:22,143 - Quant - INFO - Started Optimizing weight rounding of module: layer1.2.conv2

 16%|█▌        | 27/174 [00:04<00:26,  5.51it/s]
 17%|█▋        | 30/174 [00:05<00:26,  5.48it/s]
                                                
2024-05-09 20:47:22,698 - Quant - INFO - Started Optimizing weight rounding of module: layer1.2.conv3

 17%|█▋        | 30/174 [00:05<00:26,  5.48it/s]
 19%|█▉        | 33/174 [00:06<00:28,  4.94it/s]
                                                
2024-05-09 20:47:23,452 - Quant - INFO - Started Optimizing weight rounding of module: layer2.0.conv1

 19%|█▉        | 33/174 [00:06<00:28,  4.94it/s]
 21%|██▏       | 37/174 [00:06<00:28,  4.82it/s]
                                                
2024-05-09 20:47:24,320 - Quant - INFO - Started Optimizing weight rounding of module: layer2.0.conv2

 21%|██▏       | 37/174 [00:06<00:28,  4.82it/s]
 23%|██▎       | 40/174 [00:07<00:28,  4.69it/s]
                                                
2024-05-09 20:47:25,004 - Quant - INFO - Started Optimizing weight rounding of module: layer2.0.conv3

 23%|██▎       | 40/174 [00:07<00:28,  4.69it/s]
 25%|██▍       | 43/174 [00:08<00:28,  4.57it/s]
                                                
2024-05-09 20:47:25,702 - Quant - INFO - Started Optimizing weight rounding of module: layer2.0.downsample.0

 25%|██▍       | 43/174 [00:08<00:28,  4.57it/s]
 26%|██▌       | 45/174 [00:09<00:34,  3.71it/s]
                                                
2024-05-09 20:47:26,621 - Quant - INFO - Started Optimizing weight rounding of module: layer2.1.conv1

 26%|██▌       | 45/174 [00:09<00:34,  3.71it/s]
 28%|██▊       | 49/174 [00:10<00:29,  4.20it/s]
                                                
2024-05-09 20:47:27,364 - Quant - INFO - Started Optimizing weight rounding of module: layer2.1.conv2

 28%|██▊       | 49/174 [00:10<00:29,  4.20it/s]
 30%|██▉       | 52/174 [00:10<00:28,  4.27it/s]
                                                
2024-05-09 20:47:28,040 - Quant - INFO - Started Optimizing weight rounding of module: layer2.1.conv3

 30%|██▉       | 52/174 [00:10<00:28,  4.27it/s]
 32%|███▏      | 55/174 [00:11<00:28,  4.14it/s]
                                                
2024-05-09 20:47:28,816 - Quant - INFO - Started Optimizing weight rounding of module: layer2.2.conv1

 32%|███▏      | 55/174 [00:11<00:28,  4.14it/s]
 34%|███▍      | 59/174 [00:12<00:26,  4.42it/s]
                                                
2024-05-09 20:47:29,611 - Quant - INFO - Started Optimizing weight rounding of module: layer2.2.conv2

 34%|███▍      | 59/174 [00:12<00:26,  4.42it/s]
 36%|███▌      | 62/174 [00:12<00:25,  4.33it/s]
                                                
2024-05-09 20:47:30,342 - Quant - INFO - Started Optimizing weight rounding of module: layer2.2.conv3

 36%|███▌      | 62/174 [00:12<00:25,  4.33it/s]
 37%|███▋      | 65/174 [00:13<00:26,  4.10it/s]
                                                
2024-05-09 20:47:31,169 - Quant - INFO - Started Optimizing weight rounding of module: layer2.3.conv1

 37%|███▋      | 65/174 [00:13<00:26,  4.10it/s]
 40%|███▉      | 69/174 [00:14<00:24,  4.29it/s]
                                                
2024-05-09 20:47:32,023 - Quant - INFO - Started Optimizing weight rounding of module: layer2.3.conv2

 40%|███▉      | 69/174 [00:14<00:24,  4.29it/s]
 41%|████▏     | 72/174 [00:15<00:24,  4.15it/s]
                                                
2024-05-09 20:47:32,808 - Quant - INFO - Started Optimizing weight rounding of module: layer2.3.conv3

 41%|████▏     | 72/174 [00:15<00:24,  4.15it/s]
 43%|████▎     | 75/174 [00:16<00:25,  3.90it/s]
                                                
2024-05-09 20:47:33,695 - Quant - INFO - Started Optimizing weight rounding of module: layer3.0.conv1

 43%|████▎     | 75/174 [00:16<00:25,  3.90it/s]
 45%|████▌     | 79/174 [00:17<00:23,  4.01it/s]
                                                
2024-05-09 20:47:34,638 - Quant - INFO - Started Optimizing weight rounding of module: layer3.0.conv2

 45%|████▌     | 79/174 [00:17<00:23,  4.01it/s]
 47%|████▋     | 82/174 [00:18<00:23,  3.85it/s]
                                                
2024-05-09 20:47:35,504 - Quant - INFO - Started Optimizing weight rounding of module: layer3.0.conv3

 47%|████▋     | 82/174 [00:18<00:23,  3.85it/s]
 49%|████▉     | 85/174 [00:19<00:23,  3.73it/s]
                                                
2024-05-09 20:47:36,377 - Quant - INFO - Started Optimizing weight rounding of module: layer3.0.downsample.0

 49%|████▉     | 85/174 [00:19<00:23,  3.73it/s]
 50%|█████     | 87/174 [00:20<00:27,  3.16it/s]
                                                
2024-05-09 20:47:37,367 - Quant - INFO - Started Optimizing weight rounding of module: layer3.1.conv1

 50%|█████     | 87/174 [00:20<00:27,  3.16it/s]
 52%|█████▏    | 91/174 [00:20<00:23,  3.54it/s]
                                                
2024-05-09 20:47:38,268 - Quant - INFO - Started Optimizing weight rounding of module: layer3.1.conv2

 52%|█████▏    | 91/174 [00:20<00:23,  3.54it/s]
 54%|█████▍    | 94/174 [00:21<00:22,  3.54it/s]
                                                
2024-05-09 20:47:39,121 - Quant - INFO - Started Optimizing weight rounding of module: layer3.1.conv3

 54%|█████▍    | 94/174 [00:21<00:22,  3.54it/s]
 56%|█████▌    | 97/174 [00:22<00:22,  3.45it/s]
                                                
2024-05-09 20:47:40,040 - Quant - INFO - Started Optimizing weight rounding of module: layer3.2.conv1

 56%|█████▌    | 97/174 [00:22<00:22,  3.45it/s]
 58%|█████▊    | 101/174 [00:23<00:19,  3.70it/s]
                                                 
2024-05-09 20:47:40,981 - Quant - INFO - Started Optimizing weight rounding of module: layer3.2.conv2

 58%|█████▊    | 101/174 [00:23<00:19,  3.70it/s]
 60%|█████▉    | 104/174 [00:24<00:19,  3.59it/s]
                                                 
2024-05-09 20:47:41,882 - Quant - INFO - Started Optimizing weight rounding of module: layer3.2.conv3

 60%|█████▉    | 104/174 [00:24<00:19,  3.59it/s]
 61%|██████▏   | 107/174 [00:25<00:19,  3.45it/s]
                                                 
2024-05-09 20:47:42,840 - Quant - INFO - Started Optimizing weight rounding of module: layer3.3.conv1

 61%|██████▏   | 107/174 [00:25<00:19,  3.45it/s]
 64%|██████▍   | 111/174 [00:26<00:17,  3.66it/s]
                                                 
2024-05-09 20:47:43,812 - Quant - INFO - Started Optimizing weight rounding of module: layer3.3.conv2

 64%|██████▍   | 111/174 [00:26<00:17,  3.66it/s]
 66%|██████▌   | 114/174 [00:27<00:17,  3.52it/s]
                                                 
2024-05-09 20:47:44,748 - Quant - INFO - Started Optimizing weight rounding of module: layer3.3.conv3

 66%|██████▌   | 114/174 [00:27<00:17,  3.52it/s]
 67%|██████▋   | 117/174 [00:28<00:16,  3.37it/s]
                                                 
2024-05-09 20:47:45,734 - Quant - INFO - Started Optimizing weight rounding of module: layer3.4.conv1

 67%|██████▋   | 117/174 [00:28<00:16,  3.37it/s]
 70%|██████▉   | 121/174 [00:29<00:14,  3.56it/s]
                                                 
2024-05-09 20:47:46,739 - Quant - INFO - Started Optimizing weight rounding of module: layer3.4.conv2

 70%|██████▉   | 121/174 [00:29<00:14,  3.56it/s]
 71%|███████▏  | 124/174 [00:30<00:14,  3.42it/s]
                                                 
2024-05-09 20:47:47,711 - Quant - INFO - Started Optimizing weight rounding of module: layer3.4.conv3

 71%|███████▏  | 124/174 [00:30<00:14,  3.42it/s]
 73%|███████▎  | 127/174 [00:31<00:14,  3.27it/s]
                                                 
2024-05-09 20:47:48,733 - Quant - INFO - Started Optimizing weight rounding of module: layer3.5.conv1

 73%|███████▎  | 127/174 [00:31<00:14,  3.27it/s]
 75%|███████▌  | 131/174 [00:32<00:12,  3.44it/s]
                                                 
2024-05-09 20:47:49,778 - Quant - INFO - Started Optimizing weight rounding of module: layer3.5.conv2

 75%|███████▌  | 131/174 [00:32<00:12,  3.44it/s]
 77%|███████▋  | 134/174 [00:33<00:12,  3.32it/s]
                                                 
2024-05-09 20:47:50,771 - Quant - INFO - Started Optimizing weight rounding of module: layer3.5.conv3

 77%|███████▋  | 134/174 [00:33<00:12,  3.32it/s]
 79%|███████▊  | 137/174 [00:34<00:11,  3.13it/s]
                                                 
2024-05-09 20:47:51,863 - Quant - INFO - Started Optimizing weight rounding of module: layer4.0.conv1

 79%|███████▊  | 137/174 [00:34<00:11,  3.13it/s]
 81%|████████  | 141/174 [00:35<00:10,  3.29it/s]
                                                 
2024-05-09 20:47:52,963 - Quant - INFO - Started Optimizing weight rounding of module: layer4.0.conv2

 81%|████████  | 141/174 [00:35<00:10,  3.29it/s]
 83%|████████▎ | 144/174 [00:36<00:09,  3.14it/s]
                                                 
2024-05-09 20:47:54,037 - Quant - INFO - Started Optimizing weight rounding of module: layer4.0.conv3

 83%|████████▎ | 144/174 [00:36<00:09,  3.14it/s]
 84%|████████▍ | 147/174 [00:37<00:08,  3.04it/s]
                                                 
2024-05-09 20:47:55,111 - Quant - INFO - Started Optimizing weight rounding of module: layer4.0.downsample.0

 84%|████████▍ | 147/174 [00:37<00:08,  3.04it/s]
 86%|████████▌ | 149/174 [00:38<00:09,  2.62it/s]
                                                 
2024-05-09 20:47:56,265 - Quant - INFO - Started Optimizing weight rounding of module: layer4.1.conv1

 86%|████████▌ | 149/174 [00:38<00:09,  2.62it/s]
 88%|████████▊ | 153/174 [00:40<00:07,  2.92it/s]
                                                 
2024-05-09 20:47:57,371 - Quant - INFO - Started Optimizing weight rounding of module: layer4.1.conv2

 88%|████████▊ | 153/174 [00:40<00:07,  2.92it/s]
 90%|████████▉ | 156/174 [00:41<00:06,  2.88it/s]
                                                 
2024-05-09 20:47:58,448 - Quant - INFO - Started Optimizing weight rounding of module: layer4.1.conv3

 90%|████████▉ | 156/174 [00:41<00:06,  2.88it/s]
 91%|█████████▏| 159/174 [00:42<00:05,  2.82it/s]
                                                 
2024-05-09 20:47:59,569 - Quant - INFO - Started Optimizing weight rounding of module: layer4.2.conv1

 91%|█████████▏| 159/174 [00:42<00:05,  2.82it/s]
 94%|█████████▎| 163/174 [00:43<00:03,  3.03it/s]
                                                 
2024-05-09 20:48:00,706 - Quant - INFO - Started Optimizing weight rounding of module: layer4.2.conv2

 94%|█████████▎| 163/174 [00:43<00:03,  3.03it/s]
 95%|█████████▌| 166/174 [00:44<00:02,  2.94it/s]
                                                 
2024-05-09 20:48:01,808 - Quant - INFO - Started Optimizing weight rounding of module: layer4.2.conv3

 95%|█████████▌| 166/174 [00:44<00:02,  2.94it/s]
 97%|█████████▋| 169/174 [00:45<00:01,  2.84it/s]
                                                 
2024-05-09 20:48:02,961 - Quant - INFO - Started Optimizing weight rounding of module: fc

 97%|█████████▋| 169/174 [00:45<00:01,  2.84it/s]
100%|██████████| 174/174 [00:46<00:00,  3.35it/s]
100%|██████████| 174/174 [00:46<00:00,  3.73it/s]2024-05-09 20:48:04,056 - Quant - INFO - Deleting model inputs from location: /tmp/adaround/
2024-05-09 20:48:04,073 - Quant - INFO - Completed Adarounding Model

QuantizationSim
2024-05-09 20:48:04,640 - Quant - INFO - No config file provided, defaulting to config file at /DATA/ModelQuantization/workspace/Raj/aimet/lib/python3.8/site-packages/aimet_common/quantsim_config/default_config.json
2024-05-09 20:48:04,665 - Quant - INFO - Unsupported op type Squeeze
2024-05-09 20:48:04,665 - Quant - INFO - Unsupported op type Pad
2024-05-09 20:48:04,665 - Quant - INFO - Unsupported op type Mean
2024-05-09 20:48:04,675 - Utils - INFO - ...... subset to store [Conv_0, Relu_2]
2024-05-09 20:48:04,675 - Utils - INFO - ...... subset to store [Conv_4, Relu_6]
2024-05-09 20:48:04,675 - Utils - INFO - ...... subset to store [Conv_7, Relu_9]
2024-05-09 20:48:04,675 - Utils - INFO - ...... subset to store [Add_14, Relu_15]
2024-05-09 20:48:04,675 - Utils - INFO - ...... subset to store [Conv_16, Relu_18]
2024-05-09 20:48:04,675 - Utils - INFO - ...... subset to store [Conv_19, Relu_21]
2024-05-09 20:48:04,675 - Utils - INFO - ...... subset to store [Add_24, Relu_25]
2024-05-09 20:48:04,675 - Utils - INFO - ...... subset to store [Conv_26, Relu_28]
2024-05-09 20:48:04,675 - Utils - INFO - ...... subset to store [Conv_29, Relu_31]
2024-05-09 20:48:04,675 - Utils - INFO - ...... subset to store [Add_34, Relu_35]
2024-05-09 20:48:04,675 - Utils - INFO - ...... subset to store [Conv_36, Relu_38]
2024-05-09 20:48:04,675 - Utils - INFO - ...... subset to store [Conv_39, Relu_41]
2024-05-09 20:48:04,675 - Utils - INFO - ...... subset to store [Add_46, Relu_47]
2024-05-09 20:48:04,676 - Utils - INFO - ...... subset to store [Conv_48, Relu_50]
2024-05-09 20:48:04,676 - Utils - INFO - ...... subset to store [Conv_51, Relu_53]
2024-05-09 20:48:04,676 - Utils - INFO - ...... subset to store [Add_56, Relu_57]
2024-05-09 20:48:04,676 - Utils - INFO - ...... subset to store [Conv_58, Relu_60]
2024-05-09 20:48:04,676 - Utils - INFO - ...... subset to store [Conv_61, Relu_63]
2024-05-09 20:48:04,676 - Utils - INFO - ...... subset to store [Add_66, Relu_67]
2024-05-09 20:48:04,676 - Utils - INFO - ...... subset to store [Conv_68, Relu_70]
2024-05-09 20:48:04,676 - Utils - INFO - ...... subset to store [Conv_71, Relu_73]
2024-05-09 20:48:04,676 - Utils - INFO - ...... subset to store [Add_76, Relu_77]
2024-05-09 20:48:04,676 - Utils - INFO - ...... subset to store [Conv_78, Relu_80]
2024-05-09 20:48:04,676 - Utils - INFO - ...... subset to store [Conv_81, Relu_83]
2024-05-09 20:48:04,676 - Utils - INFO - ...... subset to store [Add_88, Relu_89]
2024-05-09 20:48:04,676 - Utils - INFO - ...... subset to store [Conv_90, Relu_92]
2024-05-09 20:48:04,676 - Utils - INFO - ...... subset to store [Conv_93, Relu_95]
2024-05-09 20:48:04,676 - Utils - INFO - ...... subset to store [Add_98, Relu_99]
2024-05-09 20:48:04,676 - Utils - INFO - ...... subset to store [Conv_100, Relu_102]
2024-05-09 20:48:04,676 - Utils - INFO - ...... subset to store [Conv_103, Relu_105]
2024-05-09 20:48:04,676 - Utils - INFO - ...... subset to store [Add_108, Relu_109]
2024-05-09 20:48:04,676 - Utils - INFO - ...... subset to store [Conv_110, Relu_112]
2024-05-09 20:48:04,676 - Utils - INFO - ...... subset to store [Conv_113, Relu_115]
2024-05-09 20:48:04,677 - Utils - INFO - ...... subset to store [Add_118, Relu_119]
2024-05-09 20:48:04,677 - Utils - INFO - ...... subset to store [Conv_120, Relu_122]
2024-05-09 20:48:04,677 - Utils - INFO - ...... subset to store [Conv_123, Relu_125]
2024-05-09 20:48:04,677 - Utils - INFO - ...... subset to store [Add_128, Relu_129]
2024-05-09 20:48:04,677 - Utils - INFO - ...... subset to store [Conv_130, Relu_132]
2024-05-09 20:48:04,677 - Utils - INFO - ...... subset to store [Conv_133, Relu_135]
2024-05-09 20:48:04,677 - Utils - INFO - ...... subset to store [Add_138, Relu_139]
2024-05-09 20:48:04,677 - Utils - INFO - ...... subset to store [Conv_140, Relu_142]
2024-05-09 20:48:04,677 - Utils - INFO - ...... subset to store [Conv_143, Relu_145]
2024-05-09 20:48:04,677 - Utils - INFO - ...... subset to store [Add_150, Relu_151]
2024-05-09 20:48:04,677 - Utils - INFO - ...... subset to store [Conv_152, Relu_154]
2024-05-09 20:48:04,677 - Utils - INFO - ...... subset to store [Conv_155, Relu_157]
2024-05-09 20:48:04,677 - Utils - INFO - ...... subset to store [Add_160, Relu_161]
2024-05-09 20:48:04,677 - Utils - INFO - ...... subset to store [Conv_162, Relu_164]
2024-05-09 20:48:04,677 - Utils - INFO - ...... subset to store [Conv_165, Relu_167]
2024-05-09 20:48:04,677 - Utils - INFO - ...... subset to store [Add_170, Relu_171]
2024-05-09 20:48:04,677 - Quant - INFO - Selecting DefaultOpInstanceConfigGenerator to compute the specialized config. hw_version:default
2024-05-09 20:48:04,678 - Quant - INFO - Setting quantization encodings for parameter: conv1.weight
2024-05-09 20:48:04,679 - Quant - INFO - Freezing quantization encodings for parameter: conv1.weight
2024-05-09 20:48:04,679 - Quant - INFO - Setting quantization encodings for parameter: layer1.0.conv1.weight
2024-05-09 20:48:04,679 - Quant - INFO - Freezing quantization encodings for parameter: layer1.0.conv1.weight
2024-05-09 20:48:04,679 - Quant - INFO - Setting quantization encodings for parameter: layer1.0.conv2.weight
2024-05-09 20:48:04,679 - Quant - INFO - Freezing quantization encodings for parameter: layer1.0.conv2.weight
2024-05-09 20:48:04,679 - Quant - INFO - Setting quantization encodings for parameter: layer1.0.conv3.weight
2024-05-09 20:48:04,679 - Quant - INFO - Freezing quantization encodings for parameter: layer1.0.conv3.weight
2024-05-09 20:48:04,679 - Quant - INFO - Setting quantization encodings for parameter: layer1.0.downsample.0.weight
2024-05-09 20:48:04,679 - Quant - INFO - Freezing quantization encodings for parameter: layer1.0.downsample.0.weight
2024-05-09 20:48:04,679 - Quant - INFO - Setting quantization encodings for parameter: layer1.1.conv1.weight
2024-05-09 20:48:04,679 - Quant - INFO - Freezing quantization encodings for parameter: layer1.1.conv1.weight
2024-05-09 20:48:04,679 - Quant - INFO - Setting quantization encodings for parameter: layer1.1.conv2.weight
2024-05-09 20:48:04,679 - Quant - INFO - Freezing quantization encodings for parameter: layer1.1.conv2.weight
2024-05-09 20:48:04,679 - Quant - INFO - Setting quantization encodings for parameter: layer1.1.conv3.weight
2024-05-09 20:48:04,679 - Quant - INFO - Freezing quantization encodings for parameter: layer1.1.conv3.weight
2024-05-09 20:48:04,679 - Quant - INFO - Setting quantization encodings for parameter: layer1.2.conv1.weight
2024-05-09 20:48:04,679 - Quant - INFO - Freezing quantization encodings for parameter: layer1.2.conv1.weight
2024-05-09 20:48:04,680 - Quant - INFO - Setting quantization encodings for parameter: layer1.2.conv2.weight
2024-05-09 20:48:04,680 - Quant - INFO - Freezing quantization encodings for parameter: layer1.2.conv2.weight
2024-05-09 20:48:04,680 - Quant - INFO - Setting quantization encodings for parameter: layer1.2.conv3.weight
2024-05-09 20:48:04,680 - Quant - INFO - Freezing quantization encodings for parameter: layer1.2.conv3.weight
2024-05-09 20:48:04,680 - Quant - INFO - Setting quantization encodings for parameter: layer2.0.conv1.weight
2024-05-09 20:48:04,680 - Quant - INFO - Freezing quantization encodings for parameter: layer2.0.conv1.weight
2024-05-09 20:48:04,680 - Quant - INFO - Setting quantization encodings for parameter: layer2.0.conv2.weight
2024-05-09 20:48:04,680 - Quant - INFO - Freezing quantization encodings for parameter: layer2.0.conv2.weight
2024-05-09 20:48:04,680 - Quant - INFO - Setting quantization encodings for parameter: layer2.0.conv3.weight
2024-05-09 20:48:04,680 - Quant - INFO - Freezing quantization encodings for parameter: layer2.0.conv3.weight
2024-05-09 20:48:04,680 - Quant - INFO - Setting quantization encodings for parameter: layer2.0.downsample.0.weight
2024-05-09 20:48:04,680 - Quant - INFO - Freezing quantization encodings for parameter: layer2.0.downsample.0.weight
2024-05-09 20:48:04,680 - Quant - INFO - Setting quantization encodings for parameter: layer2.1.conv1.weight
2024-05-09 20:48:04,680 - Quant - INFO - Freezing quantization encodings for parameter: layer2.1.conv1.weight
2024-05-09 20:48:04,680 - Quant - INFO - Setting quantization encodings for parameter: layer2.1.conv2.weight
2024-05-09 20:48:04,680 - Quant - INFO - Freezing quantization encodings for parameter: layer2.1.conv2.weight
2024-05-09 20:48:04,680 - Quant - INFO - Setting quantization encodings for parameter: layer2.1.conv3.weight
2024-05-09 20:48:04,680 - Quant - INFO - Freezing quantization encodings for parameter: layer2.1.conv3.weight
2024-05-09 20:48:04,681 - Quant - INFO - Setting quantization encodings for parameter: layer2.2.conv1.weight
2024-05-09 20:48:04,681 - Quant - INFO - Freezing quantization encodings for parameter: layer2.2.conv1.weight
2024-05-09 20:48:04,681 - Quant - INFO - Setting quantization encodings for parameter: layer2.2.conv2.weight
2024-05-09 20:48:04,681 - Quant - INFO - Freezing quantization encodings for parameter: layer2.2.conv2.weight
2024-05-09 20:48:04,681 - Quant - INFO - Setting quantization encodings for parameter: layer2.2.conv3.weight
2024-05-09 20:48:04,681 - Quant - INFO - Freezing quantization encodings for parameter: layer2.2.conv3.weight
2024-05-09 20:48:04,681 - Quant - INFO - Setting quantization encodings for parameter: layer2.3.conv1.weight
2024-05-09 20:48:04,681 - Quant - INFO - Freezing quantization encodings for parameter: layer2.3.conv1.weight
2024-05-09 20:48:04,681 - Quant - INFO - Setting quantization encodings for parameter: layer2.3.conv2.weight
2024-05-09 20:48:04,681 - Quant - INFO - Freezing quantization encodings for parameter: layer2.3.conv2.weight
2024-05-09 20:48:04,681 - Quant - INFO - Setting quantization encodings for parameter: layer2.3.conv3.weight
2024-05-09 20:48:04,681 - Quant - INFO - Freezing quantization encodings for parameter: layer2.3.conv3.weight
2024-05-09 20:48:04,681 - Quant - INFO - Setting quantization encodings for parameter: layer3.0.conv1.weight
2024-05-09 20:48:04,681 - Quant - INFO - Freezing quantization encodings for parameter: layer3.0.conv1.weight
2024-05-09 20:48:04,681 - Quant - INFO - Setting quantization encodings for parameter: layer3.0.conv2.weight
2024-05-09 20:48:04,681 - Quant - INFO - Freezing quantization encodings for parameter: layer3.0.conv2.weight
2024-05-09 20:48:04,681 - Quant - INFO - Setting quantization encodings for parameter: layer3.0.conv3.weight
2024-05-09 20:48:04,681 - Quant - INFO - Freezing quantization encodings for parameter: layer3.0.conv3.weight
2024-05-09 20:48:04,682 - Quant - INFO - Setting quantization encodings for parameter: layer3.0.downsample.0.weight
2024-05-09 20:48:04,682 - Quant - INFO - Freezing quantization encodings for parameter: layer3.0.downsample.0.weight
2024-05-09 20:48:04,682 - Quant - INFO - Setting quantization encodings for parameter: layer3.1.conv1.weight
2024-05-09 20:48:04,682 - Quant - INFO - Freezing quantization encodings for parameter: layer3.1.conv1.weight
2024-05-09 20:48:04,682 - Quant - INFO - Setting quantization encodings for parameter: layer3.1.conv2.weight
2024-05-09 20:48:04,682 - Quant - INFO - Freezing quantization encodings for parameter: layer3.1.conv2.weight
2024-05-09 20:48:04,682 - Quant - INFO - Setting quantization encodings for parameter: layer3.1.conv3.weight
2024-05-09 20:48:04,682 - Quant - INFO - Freezing quantization encodings for parameter: layer3.1.conv3.weight
2024-05-09 20:48:04,682 - Quant - INFO - Setting quantization encodings for parameter: layer3.2.conv1.weight
2024-05-09 20:48:04,682 - Quant - INFO - Freezing quantization encodings for parameter: layer3.2.conv1.weight
2024-05-09 20:48:04,682 - Quant - INFO - Setting quantization encodings for parameter: layer3.2.conv2.weight
2024-05-09 20:48:04,682 - Quant - INFO - Freezing quantization encodings for parameter: layer3.2.conv2.weight
2024-05-09 20:48:04,682 - Quant - INFO - Setting quantization encodings for parameter: layer3.2.conv3.weight
2024-05-09 20:48:04,682 - Quant - INFO - Freezing quantization encodings for parameter: layer3.2.conv3.weight
2024-05-09 20:48:04,682 - Quant - INFO - Setting quantization encodings for parameter: layer3.3.conv1.weight
2024-05-09 20:48:04,682 - Quant - INFO - Freezing quantization encodings for parameter: layer3.3.conv1.weight
2024-05-09 20:48:04,682 - Quant - INFO - Setting quantization encodings for parameter: layer3.3.conv2.weight
2024-05-09 20:48:04,682 - Quant - INFO - Freezing quantization encodings for parameter: layer3.3.conv2.weight
2024-05-09 20:48:04,682 - Quant - INFO - Setting quantization encodings for parameter: layer3.3.conv3.weight
2024-05-09 20:48:04,683 - Quant - INFO - Freezing quantization encodings for parameter: layer3.3.conv3.weight
2024-05-09 20:48:04,683 - Quant - INFO - Setting quantization encodings for parameter: layer3.4.conv1.weight
2024-05-09 20:48:04,683 - Quant - INFO - Freezing quantization encodings for parameter: layer3.4.conv1.weight
2024-05-09 20:48:04,683 - Quant - INFO - Setting quantization encodings for parameter: layer3.4.conv2.weight
2024-05-09 20:48:04,683 - Quant - INFO - Freezing quantization encodings for parameter: layer3.4.conv2.weight
2024-05-09 20:48:04,683 - Quant - INFO - Setting quantization encodings for parameter: layer3.4.conv3.weight
2024-05-09 20:48:04,683 - Quant - INFO - Freezing quantization encodings for parameter: layer3.4.conv3.weight
2024-05-09 20:48:04,683 - Quant - INFO - Setting quantization encodings for parameter: layer3.5.conv1.weight
2024-05-09 20:48:04,683 - Quant - INFO - Freezing quantization encodings for parameter: layer3.5.conv1.weight
2024-05-09 20:48:04,683 - Quant - INFO - Setting quantization encodings for parameter: layer3.5.conv2.weight
2024-05-09 20:48:04,683 - Quant - INFO - Freezing quantization encodings for parameter: layer3.5.conv2.weight
2024-05-09 20:48:04,683 - Quant - INFO - Setting quantization encodings for parameter: layer3.5.conv3.weight
2024-05-09 20:48:04,683 - Quant - INFO - Freezing quantization encodings for parameter: layer3.5.conv3.weight
2024-05-09 20:48:04,683 - Quant - INFO - Setting quantization encodings for parameter: layer4.0.conv1.weight
2024-05-09 20:48:04,683 - Quant - INFO - Freezing quantization encodings for parameter: layer4.0.conv1.weight
2024-05-09 20:48:04,683 - Quant - INFO - Setting quantization encodings for parameter: layer4.0.conv2.weight
2024-05-09 20:48:04,683 - Quant - INFO - Freezing quantization encodings for parameter: layer4.0.conv2.weight
2024-05-09 20:48:04,684 - Quant - INFO - Setting quantization encodings for parameter: layer4.0.conv3.weight
2024-05-09 20:48:04,684 - Quant - INFO - Freezing quantization encodings for parameter: layer4.0.conv3.weight
2024-05-09 20:48:04,684 - Quant - INFO - Setting quantization encodings for parameter: layer4.0.downsample.0.weight
2024-05-09 20:48:04,684 - Quant - INFO - Freezing quantization encodings for parameter: layer4.0.downsample.0.weight
2024-05-09 20:48:04,684 - Quant - INFO - Setting quantization encodings for parameter: layer4.1.conv1.weight
2024-05-09 20:48:04,684 - Quant - INFO - Freezing quantization encodings for parameter: layer4.1.conv1.weight
2024-05-09 20:48:04,684 - Quant - INFO - Setting quantization encodings for parameter: layer4.1.conv2.weight
2024-05-09 20:48:04,684 - Quant - INFO - Freezing quantization encodings for parameter: layer4.1.conv2.weight
2024-05-09 20:48:04,684 - Quant - INFO - Setting quantization encodings for parameter: layer4.1.conv3.weight
2024-05-09 20:48:04,684 - Quant - INFO - Freezing quantization encodings for parameter: layer4.1.conv3.weight
2024-05-09 20:48:04,684 - Quant - INFO - Setting quantization encodings for parameter: layer4.2.conv1.weight
2024-05-09 20:48:04,684 - Quant - INFO - Freezing quantization encodings for parameter: layer4.2.conv1.weight
2024-05-09 20:48:04,684 - Quant - INFO - Setting quantization encodings for parameter: layer4.2.conv2.weight
2024-05-09 20:48:04,684 - Quant - INFO - Freezing quantization encodings for parameter: layer4.2.conv2.weight
2024-05-09 20:48:04,684 - Quant - INFO - Setting quantization encodings for parameter: layer4.2.conv3.weight
2024-05-09 20:48:04,684 - Quant - INFO - Freezing quantization encodings for parameter: layer4.2.conv3.weight
2024-05-09 20:48:04,684 - Quant - INFO - Setting quantization encodings for parameter: fc.weight
2024-05-09 20:48:04,684 - Quant - INFO - Freezing quantization encodings for parameter: fc.weight

set_and_freeze_param_encodings finished!

Compute Encoding

  0%|          | 0/16 [00:00<?, ?it/s]
  6%|▋         | 1/16 [00:02<00:31,  2.09s/it]
 12%|█▎        | 2/16 [00:02<00:17,  1.29s/it]
 19%|█▉        | 3/16 [00:03<00:13,  1.03s/it]
 25%|██▌       | 4/16 [00:04<00:10,  1.11it/s]
 31%|███▏      | 5/16 [00:04<00:09,  1.19it/s]
 38%|███▊      | 6/16 [00:05<00:07,  1.25it/s]
 44%|████▍     | 7/16 [00:06<00:06,  1.29it/s]
 50%|█████     | 8/16 [00:07<00:06,  1.32it/s]
 56%|█████▋    | 9/16 [00:07<00:05,  1.34it/s]
 62%|██████▎   | 10/16 [00:08<00:04,  1.35it/s]
 69%|██████▉   | 11/16 [00:09<00:03,  1.36it/s]
 75%|███████▌  | 12/16 [00:10<00:02,  1.37it/s]
 81%|████████▏ | 13/16 [00:10<00:02,  1.37it/s]
 88%|████████▊ | 14/16 [00:11<00:01,  1.38it/s]
 94%|█████████▍| 15/16 [00:12<00:00,  1.38it/s]
100%|██████████| 16/16 [00:12<00:00,  1.47it/s]
100%|██████████| 16/16 [00:12<00:00,  1.25it/s]

  0%|          | 0/391 [00:00<?, ?it/s]
  0%|          | 1/391 [00:01<09:26,  1.45s/it]
  1%|          | 2/391 [00:01<04:52,  1.33it/s]
  1%|          | 3/391 [00:01<03:25,  1.89it/s]
  1%|          | 4/391 [00:02<02:43,  2.36it/s]
  1%|▏         | 5/391 [00:02<02:20,  2.74it/s]
  2%|▏         | 6/391 [00:02<02:07,  3.03it/s]
  2%|▏         | 7/391 [00:03<01:58,  3.25it/s]
  2%|▏         | 8/391 [00:03<01:52,  3.41it/s]
  2%|▏         | 9/391 [00:03<01:48,  3.53it/s]
  3%|▎         | 10/391 [00:03<01:45,  3.62it/s]
  3%|▎         | 11/391 [00:04<01:43,  3.68it/s]
  3%|▎         | 12/391 [00:04<01:41,  3.72it/s]
  3%|▎         | 13/391 [00:04<01:40,  3.76it/s]
  4%|▎         | 14/391 [00:04<01:39,  3.78it/s]
  4%|▍         | 15/391 [00:05<01:39,  3.79it/s]
  4%|▍         | 16/391 [00:05<01:38,  3.80it/s]
  4%|▍         | 17/391 [00:05<01:38,  3.81it/s]
  5%|▍         | 18/391 [00:05<01:37,  3.82it/s]
  5%|▍         | 19/391 [00:06<01:37,  3.82it/s]
  5%|▌         | 20/391 [00:06<01:36,  3.83it/s]
  5%|▌         | 21/391 [00:06<01:36,  3.83it/s]
  6%|▌         | 22/391 [00:06<01:36,  3.83it/s]
  6%|▌         | 23/391 [00:07<01:36,  3.83it/s]
  6%|▌         | 24/391 [00:07<01:35,  3.83it/s]
  6%|▋         | 25/391 [00:07<01:35,  3.83it/s]
  7%|▋         | 26/391 [00:07<01:35,  3.83it/s]
  7%|▋         | 27/391 [00:08<01:35,  3.83it/s]
  7%|▋         | 28/391 [00:08<01:34,  3.83it/s]
  7%|▋         | 29/391 [00:08<01:34,  3.83it/s]
  8%|▊         | 30/391 [00:09<01:34,  3.83it/s]
  8%|▊         | 31/391 [00:09<01:33,  3.83it/s]
  8%|▊         | 32/391 [00:09<01:33,  3.83it/s]
  8%|▊         | 33/391 [00:09<01:33,  3.82it/s]
  9%|▊         | 34/391 [00:10<01:33,  3.83it/s]
  9%|▉         | 35/391 [00:10<01:33,  3.80it/s]
  9%|▉         | 36/391 [00:10<01:33,  3.81it/s]
  9%|▉         | 37/391 [00:10<01:32,  3.82it/s]
 10%|▉         | 38/391 [00:11<01:32,  3.82it/s]
 10%|▉         | 39/391 [00:11<01:32,  3.82it/s]
 10%|█         | 40/391 [00:11<01:31,  3.83it/s]
 10%|█         | 41/391 [00:11<01:31,  3.83it/s]
 11%|█         | 42/391 [00:12<01:31,  3.83it/s]
 11%|█         | 43/391 [00:12<01:30,  3.83it/s]
 11%|█▏        | 44/391 [00:12<01:30,  3.83it/s]
 12%|█▏        | 45/391 [00:12<01:30,  3.83it/s]
 12%|█▏        | 46/391 [00:13<01:30,  3.83it/s]
 12%|█▏        | 47/391 [00:13<01:29,  3.83it/s]
 12%|█▏        | 48/391 [00:13<01:29,  3.83it/s]
 13%|█▎        | 49/391 [00:13<01:29,  3.83it/s]
 13%|█▎        | 50/391 [00:14<01:29,  3.82it/s]
 13%|█▎        | 51/391 [00:14<01:28,  3.82it/s]
 13%|█▎        | 52/391 [00:14<01:28,  3.82it/s]
 14%|█▎        | 53/391 [00:15<01:28,  3.83it/s]
 14%|█▍        | 54/391 [00:15<01:28,  3.83it/s]
 14%|█▍        | 55/391 [00:15<01:27,  3.83it/s]
 14%|█▍        | 56/391 [00:15<01:27,  3.83it/s]
 15%|█▍        | 57/391 [00:16<01:27,  3.83it/s]
 15%|█▍        | 58/391 [00:16<01:26,  3.83it/s]
 15%|█▌        | 59/391 [00:16<01:26,  3.83it/s]
 15%|█▌        | 60/391 [00:16<01:26,  3.83it/s]
 16%|█▌        | 61/391 [00:17<01:26,  3.83it/s]
 16%|█▌        | 62/391 [00:17<01:25,  3.83it/s]
 16%|█▌        | 63/391 [00:17<01:25,  3.83it/s]
 16%|█▋        | 64/391 [00:17<01:25,  3.83it/s]
 17%|█▋        | 65/391 [00:18<01:25,  3.83it/s]
 17%|█▋        | 66/391 [00:18<01:24,  3.83it/s]
 17%|█▋        | 67/391 [00:18<01:24,  3.83it/s]
 17%|█▋        | 68/391 [00:18<01:24,  3.83it/s]
 18%|█▊        | 69/391 [00:19<01:24,  3.83it/s]
 18%|█▊        | 70/391 [00:19<01:23,  3.83it/s]
 18%|█▊        | 71/391 [00:19<01:23,  3.83it/s]
 18%|█▊        | 72/391 [00:20<01:23,  3.83it/s]
 19%|█▊        | 73/391 [00:20<01:23,  3.83it/s]
 19%|█▉        | 74/391 [00:20<01:22,  3.83it/s]
 19%|█▉        | 75/391 [00:20<01:22,  3.83it/s]
 19%|█▉        | 76/391 [00:21<01:22,  3.83it/s]
 20%|█▉        | 77/391 [00:21<01:22,  3.83it/s]
 20%|█▉        | 78/391 [00:21<01:21,  3.83it/s]
 20%|██        | 79/391 [00:21<01:21,  3.83it/s]
 20%|██        | 80/391 [00:22<01:21,  3.83it/s]
 21%|██        | 81/391 [00:22<01:20,  3.83it/s]
 21%|██        | 82/391 [00:22<01:20,  3.83it/s]
 21%|██        | 83/391 [00:22<01:20,  3.83it/s]
 21%|██▏       | 84/391 [00:23<01:20,  3.83it/s]
 22%|██▏       | 85/391 [00:23<01:19,  3.83it/s]
 22%|██▏       | 86/391 [00:23<01:19,  3.83it/s]
 22%|██▏       | 87/391 [00:23<01:19,  3.83it/s]
 23%|██▎       | 88/391 [00:24<01:19,  3.83it/s]
 23%|██▎       | 89/391 [00:24<01:18,  3.83it/s]
 23%|██▎       | 90/391 [00:24<01:18,  3.83it/s]
 23%|██▎       | 91/391 [00:24<01:18,  3.82it/s]
 24%|██▎       | 92/391 [00:25<01:18,  3.82it/s]
 24%|██▍       | 93/391 [00:25<01:18,  3.82it/s]
 24%|██▍       | 94/391 [00:25<01:17,  3.82it/s]
 24%|██▍       | 95/391 [00:26<01:17,  3.82it/s]
 25%|██▍       | 96/391 [00:26<01:17,  3.82it/s]
 25%|██▍       | 97/391 [00:26<01:16,  3.82it/s]
 25%|██▌       | 98/391 [00:26<01:16,  3.82it/s]
 25%|██▌       | 99/391 [00:27<01:16,  3.83it/s]
 26%|██▌       | 100/391 [00:27<01:16,  3.83it/s]
 26%|██▌       | 101/391 [00:27<01:15,  3.83it/s]
 26%|██▌       | 102/391 [00:27<01:15,  3.82it/s]
 26%|██▋       | 103/391 [00:28<01:15,  3.82it/s]
 27%|██▋       | 104/391 [00:28<01:15,  3.82it/s]
 27%|██▋       | 105/391 [00:28<01:14,  3.83it/s]
 27%|██▋       | 106/391 [00:28<01:14,  3.83it/s]
 27%|██▋       | 107/391 [00:29<01:14,  3.83it/s]
 28%|██▊       | 108/391 [00:29<01:13,  3.83it/s]
 28%|██▊       | 109/391 [00:29<01:13,  3.83it/s]
 28%|██▊       | 110/391 [00:29<01:13,  3.83it/s]
 28%|██▊       | 111/391 [00:30<01:13,  3.82it/s]
 29%|██▊       | 112/391 [00:30<01:12,  3.82it/s]
 29%|██▉       | 113/391 [00:30<01:12,  3.82it/s]
 29%|██▉       | 114/391 [00:30<01:12,  3.82it/s]
 29%|██▉       | 115/391 [00:31<01:12,  3.82it/s]
 30%|██▉       | 116/391 [00:31<01:11,  3.82it/s]
 30%|██▉       | 117/391 [00:31<01:11,  3.83it/s]
 30%|███       | 118/391 [00:32<01:11,  3.83it/s]
 30%|███       | 119/391 [00:32<01:11,  3.83it/s]
 31%|███       | 120/391 [00:32<01:10,  3.83it/s]
 31%|███       | 121/391 [00:32<01:10,  3.83it/s]
 31%|███       | 122/391 [00:33<01:10,  3.83it/s]
 31%|███▏      | 123/391 [00:33<01:10,  3.83it/s]
 32%|███▏      | 124/391 [00:33<01:09,  3.83it/s]
 32%|███▏      | 125/391 [00:33<01:09,  3.83it/s]
 32%|███▏      | 126/391 [00:34<01:09,  3.83it/s]
 32%|███▏      | 127/391 [00:34<01:08,  3.83it/s]
 33%|███▎      | 128/391 [00:34<01:08,  3.83it/s]
 33%|███▎      | 129/391 [00:34<01:08,  3.83it/s]
 33%|███▎      | 130/391 [00:35<01:08,  3.83it/s]
 34%|███▎      | 131/391 [00:35<01:07,  3.83it/s]
 34%|███▍      | 132/391 [00:35<01:07,  3.83it/s]
 34%|███▍      | 133/391 [00:35<01:07,  3.83it/s]
 34%|███▍      | 134/391 [00:36<01:07,  3.83it/s]
 35%|███▍      | 135/391 [00:36<01:06,  3.83it/s]
 35%|███▍      | 136/391 [00:36<01:06,  3.83it/s]
 35%|███▌      | 137/391 [00:36<01:06,  3.83it/s]
 35%|███▌      | 138/391 [00:37<01:06,  3.81it/s]
 36%|███▌      | 139/391 [00:37<01:05,  3.82it/s]
 36%|███▌      | 140/391 [00:37<01:05,  3.82it/s]
 36%|███▌      | 141/391 [00:38<01:05,  3.82it/s]
 36%|███▋      | 142/391 [00:38<01:05,  3.82it/s]
 37%|███▋      | 143/391 [00:38<01:04,  3.82it/s]
 37%|███▋      | 144/391 [00:38<01:04,  3.82it/s]
 37%|███▋      | 145/391 [00:39<01:04,  3.82it/s]
 37%|███▋      | 146/391 [00:39<01:04,  3.82it/s]
 38%|███▊      | 147/391 [00:39<01:03,  3.82it/s]
 38%|███▊      | 148/391 [00:39<01:03,  3.82it/s]
 38%|███▊      | 149/391 [00:40<01:03,  3.83it/s]
 38%|███▊      | 150/391 [00:40<01:02,  3.83it/s]
 39%|███▊      | 151/391 [00:40<01:02,  3.83it/s]
 39%|███▉      | 152/391 [00:40<01:02,  3.83it/s]
 39%|███▉      | 153/391 [00:41<01:02,  3.83it/s]
 39%|███▉      | 154/391 [00:41<01:01,  3.83it/s]
 40%|███▉      | 155/391 [00:41<01:01,  3.83it/s]
 40%|███▉      | 156/391 [00:41<01:01,  3.83it/s]
 40%|████      | 157/391 [00:42<01:01,  3.82it/s]
 40%|████      | 158/391 [00:42<01:00,  3.82it/s]
 41%|████      | 159/391 [00:42<01:00,  3.82it/s]
 41%|████      | 160/391 [00:43<01:00,  3.82it/s]
 41%|████      | 161/391 [00:43<01:00,  3.81it/s]
 41%|████▏     | 162/391 [00:43<01:00,  3.82it/s]
 42%|████▏     | 163/391 [00:43<00:59,  3.82it/s]
 42%|████▏     | 164/391 [00:44<00:59,  3.82it/s]
 42%|████▏     | 165/391 [00:44<00:59,  3.82it/s]
 42%|████▏     | 166/391 [00:44<00:58,  3.82it/s]
 43%|████▎     | 167/391 [00:44<00:58,  3.82it/s]
 43%|████▎     | 168/391 [00:45<00:58,  3.82it/s]
 43%|████▎     | 169/391 [00:45<00:58,  3.82it/s]
 43%|████▎     | 170/391 [00:45<00:57,  3.82it/s]
 44%|████▎     | 171/391 [00:45<00:57,  3.82it/s]
 44%|████▍     | 172/391 [00:46<00:57,  3.82it/s]
 44%|████▍     | 173/391 [00:46<00:57,  3.82it/s]
 45%|████▍     | 174/391 [00:46<00:56,  3.82it/s]
 45%|████▍     | 175/391 [00:46<00:56,  3.82it/s]
 45%|████▌     | 176/391 [00:47<00:56,  3.82it/s]
 45%|████▌     | 177/391 [00:47<00:55,  3.83it/s]
 46%|████▌     | 178/391 [00:47<00:55,  3.83it/s]
 46%|████▌     | 179/391 [00:47<00:55,  3.83it/s]
 46%|████▌     | 180/391 [00:48<00:55,  3.83it/s]
 46%|████▋     | 181/391 [00:48<00:54,  3.82it/s]
 47%|████▋     | 182/391 [00:48<00:54,  3.82it/s]
 47%|████▋     | 183/391 [00:49<00:54,  3.82it/s]
 47%|████▋     | 184/391 [00:49<00:54,  3.83it/s]
 47%|████▋     | 185/391 [00:49<00:53,  3.83it/s]
 48%|████▊     | 186/391 [00:49<00:53,  3.82it/s]
 48%|████▊     | 187/391 [00:50<00:53,  3.83it/s]
 48%|████▊     | 188/391 [00:50<00:53,  3.83it/s]
 48%|████▊     | 189/391 [00:50<00:52,  3.83it/s]
 49%|████▊     | 190/391 [00:50<00:52,  3.83it/s]
 49%|████▉     | 191/391 [00:51<00:52,  3.82it/s]
 49%|████▉     | 192/391 [00:51<00:52,  3.82it/s]
 49%|████▉     | 193/391 [00:51<00:51,  3.83it/s]
 50%|████▉     | 194/391 [00:51<00:51,  3.83it/s]
 50%|████▉     | 195/391 [00:52<00:51,  3.82it/s]
 50%|█████     | 196/391 [00:52<00:51,  3.82it/s]
 50%|█████     | 197/391 [00:52<00:50,  3.82it/s]
 51%|█████     | 198/391 [00:52<00:50,  3.82it/s]
 51%|█████     | 199/391 [00:53<00:50,  3.82it/s]
 51%|█████     | 200/391 [00:53<00:49,  3.82it/s]
 51%|█████▏    | 201/391 [00:53<00:49,  3.82it/s]
 52%|█████▏    | 202/391 [00:53<00:49,  3.82it/s]
 52%|█████▏    | 203/391 [00:54<00:49,  3.82it/s]
 52%|█████▏    | 204/391 [00:54<00:48,  3.82it/s]
 52%|█████▏    | 205/391 [00:54<00:48,  3.83it/s]
 53%|█████▎    | 206/391 [00:55<00:48,  3.81it/s]
 53%|█████▎    | 207/391 [00:55<00:48,  3.82it/s]
 53%|█████▎    | 208/391 [00:55<00:47,  3.82it/s]
 53%|█████▎    | 209/391 [00:55<00:47,  3.82it/s]
 54%|█████▎    | 210/391 [00:56<00:47,  3.82it/s]
 54%|█████▍    | 211/391 [00:56<00:47,  3.82it/s]
 54%|█████▍    | 212/391 [00:56<00:46,  3.82it/s]
 54%|█████▍    | 213/391 [00:56<00:46,  3.82it/s]
 55%|█████▍    | 214/391 [00:57<00:46,  3.82it/s]
 55%|█████▍    | 215/391 [00:57<00:46,  3.82it/s]
 55%|█████▌    | 216/391 [00:57<00:45,  3.82it/s]
 55%|█████▌    | 217/391 [00:57<00:45,  3.82it/s]
 56%|█████▌    | 218/391 [00:58<00:45,  3.82it/s]
 56%|█████▌    | 219/391 [00:58<00:45,  3.82it/s]
 56%|█████▋    | 220/391 [00:58<00:44,  3.82it/s]
 57%|█████▋    | 221/391 [00:58<00:44,  3.82it/s]
 57%|█████▋    | 222/391 [00:59<00:44,  3.82it/s]
 57%|█████▋    | 223/391 [00:59<00:43,  3.82it/s]
 57%|█████▋    | 224/391 [00:59<00:43,  3.83it/s]
 58%|█████▊    | 225/391 [01:00<00:43,  3.82it/s]
 58%|█████▊    | 226/391 [01:00<00:43,  3.82it/s]
 58%|█████▊    | 227/391 [01:00<00:42,  3.82it/s]
 58%|█████▊    | 228/391 [01:00<00:42,  3.82it/s]
 59%|█████▊    | 229/391 [01:01<00:42,  3.82it/s]
 59%|█████▉    | 230/391 [01:01<00:42,  3.83it/s]
 59%|█████▉    | 231/391 [01:01<00:41,  3.83it/s]
 59%|█████▉    | 232/391 [01:01<00:41,  3.83it/s]
 60%|█████▉    | 233/391 [01:02<00:41,  3.83it/s]
 60%|█████▉    | 234/391 [01:02<00:41,  3.82it/s]
 60%|██████    | 235/391 [01:02<00:41,  3.80it/s]
 60%|██████    | 236/391 [01:02<00:40,  3.81it/s]
 61%|██████    | 237/391 [01:03<00:40,  3.82it/s]
 61%|██████    | 238/391 [01:03<00:40,  3.82it/s]
 61%|██████    | 239/391 [01:03<00:39,  3.82it/s]
 61%|██████▏   | 240/391 [01:03<00:39,  3.82it/s]
 62%|██████▏   | 241/391 [01:04<00:39,  3.82it/s]
 62%|██████▏   | 242/391 [01:04<00:38,  3.82it/s]
 62%|██████▏   | 243/391 [01:04<00:38,  3.82it/s]
 62%|██████▏   | 244/391 [01:04<00:38,  3.83it/s]
 63%|██████▎   | 245/391 [01:05<00:38,  3.83it/s]
 63%|██████▎   | 246/391 [01:05<00:37,  3.83it/s]
 63%|██████▎   | 247/391 [01:05<00:37,  3.83it/s]
 63%|██████▎   | 248/391 [01:06<00:37,  3.82it/s]
 64%|██████▎   | 249/391 [01:06<00:37,  3.82it/s]
 64%|██████▍   | 250/391 [01:06<00:36,  3.82it/s]
 64%|██████▍   | 251/391 [01:06<00:36,  3.82it/s]
 64%|██████▍   | 252/391 [01:07<00:36,  3.82it/s]
 65%|██████▍   | 253/391 [01:07<00:36,  3.82it/s]
 65%|██████▍   | 254/391 [01:07<00:35,  3.82it/s]
 65%|██████▌   | 255/391 [01:07<00:35,  3.82it/s]
 65%|██████▌   | 256/391 [01:08<00:35,  3.82it/s]
 66%|██████▌   | 257/391 [01:08<00:35,  3.82it/s]
 66%|██████▌   | 258/391 [01:08<00:34,  3.82it/s]
 66%|██████▌   | 259/391 [01:08<00:34,  3.82it/s]
 66%|██████▋   | 260/391 [01:09<00:34,  3.82it/s]
 67%|██████▋   | 261/391 [01:09<00:33,  3.82it/s]
 67%|██████▋   | 262/391 [01:09<00:33,  3.82it/s]
 67%|██████▋   | 263/391 [01:09<00:33,  3.82it/s]
 68%|██████▊   | 264/391 [01:10<00:33,  3.82it/s]
 68%|██████▊   | 265/391 [01:10<00:32,  3.82it/s]
 68%|██████▊   | 266/391 [01:10<00:32,  3.82it/s]
 68%|██████▊   | 267/391 [01:11<00:32,  3.82it/s]
 69%|██████▊   | 268/391 [01:11<00:32,  3.82it/s]
 69%|██████▉   | 269/391 [01:11<00:31,  3.82it/s]
 69%|██████▉   | 270/391 [01:11<00:31,  3.82it/s]
 69%|██████▉   | 271/391 [01:12<00:31,  3.82it/s]
 70%|██████▉   | 272/391 [01:12<00:31,  3.83it/s]
 70%|██████▉   | 273/391 [01:12<00:30,  3.82it/s]
 70%|███████   | 274/391 [01:12<00:30,  3.82it/s]
 70%|███████   | 275/391 [01:13<00:30,  3.83it/s]
 71%|███████   | 276/391 [01:13<00:30,  3.83it/s]
 71%|███████   | 277/391 [01:13<00:29,  3.83it/s]
 71%|███████   | 278/391 [01:13<00:29,  3.83it/s]
 71%|███████▏  | 279/391 [01:14<00:29,  3.83it/s]
 72%|███████▏  | 280/391 [01:14<00:29,  3.82it/s]
 72%|███████▏  | 281/391 [01:14<00:28,  3.83it/s]
 72%|███████▏  | 282/391 [01:14<00:28,  3.83it/s]
 72%|███████▏  | 283/391 [01:15<00:28,  3.83it/s]
 73%|███████▎  | 284/391 [01:15<00:27,  3.82it/s]
 73%|███████▎  | 285/391 [01:15<00:27,  3.82it/s]
 73%|███████▎  | 286/391 [01:15<00:27,  3.82it/s]
 73%|███████▎  | 287/391 [01:16<00:27,  3.82it/s]
 74%|███████▎  | 288/391 [01:16<00:26,  3.82it/s]
 74%|███████▍  | 289/391 [01:16<00:26,  3.81it/s]
 74%|███████▍  | 290/391 [01:17<00:26,  3.81it/s]
 74%|███████▍  | 291/391 [01:17<00:26,  3.82it/s]
 75%|███████▍  | 292/391 [01:17<00:25,  3.82it/s]
 75%|███████▍  | 293/391 [01:17<00:25,  3.82it/s]
 75%|███████▌  | 294/391 [01:18<00:25,  3.82it/s]
 75%|███████▌  | 295/391 [01:18<00:25,  3.82it/s]
 76%|███████▌  | 296/391 [01:18<00:24,  3.82it/s]
 76%|███████▌  | 297/391 [01:18<00:24,  3.82it/s]
 76%|███████▌  | 298/391 [01:19<00:24,  3.82it/s]
 76%|███████▋  | 299/391 [01:19<00:24,  3.83it/s]
 77%|███████▋  | 300/391 [01:19<00:23,  3.83it/s]
 77%|███████▋  | 301/391 [01:19<00:23,  3.83it/s]
 77%|███████▋  | 302/391 [01:20<00:23,  3.83it/s]
 77%|███████▋  | 303/391 [01:20<00:23,  3.82it/s]
 78%|███████▊  | 304/391 [01:20<00:22,  3.82it/s]
 78%|███████▊  | 305/391 [01:20<00:22,  3.82it/s]
 78%|███████▊  | 306/391 [01:21<00:22,  3.82it/s]
 79%|███████▊  | 307/391 [01:21<00:21,  3.82it/s]
 79%|███████▉  | 308/391 [01:21<00:21,  3.82it/s]
 79%|███████▉  | 309/391 [01:21<00:21,  3.82it/s]
 79%|███████▉  | 310/391 [01:22<00:21,  3.82it/s]
 80%|███████▉  | 311/391 [01:22<00:20,  3.82it/s]
 80%|███████▉  | 312/391 [01:22<00:20,  3.82it/s]
 80%|████████  | 313/391 [01:23<00:20,  3.82it/s]
 80%|████████  | 314/391 [01:23<00:20,  3.82it/s]
 81%|████████  | 315/391 [01:23<00:19,  3.82it/s]
 81%|████████  | 316/391 [01:23<00:19,  3.82it/s]
 81%|████████  | 317/391 [01:24<00:19,  3.82it/s]
 81%|████████▏ | 318/391 [01:24<00:19,  3.82it/s]
 82%|████████▏ | 319/391 [01:24<00:18,  3.82it/s]
 82%|████████▏ | 320/391 [01:24<00:18,  3.82it/s]
 82%|████████▏ | 321/391 [01:25<00:18,  3.82it/s]
 82%|████████▏ | 322/391 [01:25<00:18,  3.83it/s]
 83%|████████▎ | 323/391 [01:25<00:17,  3.83it/s]
 83%|████████▎ | 324/391 [01:25<00:17,  3.83it/s]
 83%|████████▎ | 325/391 [01:26<00:17,  3.81it/s]
 83%|████████▎ | 326/391 [01:26<00:17,  3.81it/s]
 84%|████████▎ | 327/391 [01:26<00:16,  3.81it/s]
 84%|████████▍ | 328/391 [01:26<00:16,  3.82it/s]
 84%|████████▍ | 329/391 [01:27<00:16,  3.82it/s]
 84%|████████▍ | 330/391 [01:27<00:15,  3.82it/s]
 85%|████████▍ | 331/391 [01:27<00:15,  3.82it/s]
 85%|████████▍ | 332/391 [01:28<00:15,  3.82it/s]
 85%|████████▌ | 333/391 [01:28<00:15,  3.82it/s]
 85%|████████▌ | 334/391 [01:28<00:14,  3.82it/s]
 86%|████████▌ | 335/391 [01:28<00:14,  3.82it/s]
 86%|████████▌ | 336/391 [01:29<00:14,  3.82it/s]
 86%|████████▌ | 337/391 [01:29<00:14,  3.82it/s]
 86%|████████▋ | 338/391 [01:29<00:13,  3.82it/s]
 87%|████████▋ | 339/391 [01:29<00:13,  3.82it/s]
 87%|████████▋ | 340/391 [01:30<00:13,  3.82it/s]
 87%|████████▋ | 341/391 [01:30<00:13,  3.82it/s]
 87%|████████▋ | 342/391 [01:30<00:12,  3.82it/s]
 88%|████████▊ | 343/391 [01:30<00:12,  3.82it/s]
 88%|████████▊ | 344/391 [01:31<00:12,  3.82it/s]
 88%|████████▊ | 345/391 [01:31<00:12,  3.82it/s]
 88%|████████▊ | 346/391 [01:31<00:11,  3.83it/s]
 89%|████████▊ | 347/391 [01:31<00:11,  3.83it/s]
 89%|████████▉ | 348/391 [01:32<00:11,  3.83it/s]
 89%|████████▉ | 349/391 [01:32<00:10,  3.82it/s]
 90%|████████▉ | 350/391 [01:32<00:10,  3.82it/s]
 90%|████████▉ | 351/391 [01:32<00:10,  3.82it/s]
 90%|█████████ | 352/391 [01:33<00:10,  3.80it/s]
 90%|█████████ | 353/391 [01:33<00:09,  3.81it/s]
 91%|█████████ | 354/391 [01:33<00:09,  3.81it/s]
 91%|█████████ | 355/391 [01:34<00:09,  3.82it/s]
 91%|█████████ | 356/391 [01:34<00:09,  3.82it/s]
 91%|█████████▏| 357/391 [01:34<00:08,  3.82it/s]
 92%|█████████▏| 358/391 [01:34<00:08,  3.82it/s]
 92%|█████████▏| 359/391 [01:35<00:08,  3.82it/s]
 92%|█████████▏| 360/391 [01:35<00:08,  3.82it/s]
 92%|█████████▏| 361/391 [01:35<00:07,  3.82it/s]
 93%|█████████▎| 362/391 [01:35<00:07,  3.82it/s]
 93%|█████████▎| 363/391 [01:36<00:07,  3.82it/s]
 93%|█████████▎| 364/391 [01:36<00:07,  3.82it/s]
 93%|█████████▎| 365/391 [01:36<00:06,  3.83it/s]
 94%|█████████▎| 366/391 [01:36<00:06,  3.83it/s]
 94%|█████████▍| 367/391 [01:37<00:06,  3.83it/s]
 94%|█████████▍| 368/391 [01:37<00:06,  3.83it/s]
 94%|█████████▍| 369/391 [01:37<00:05,  3.83it/s]
 95%|█████████▍| 370/391 [01:37<00:05,  3.83it/s]
 95%|█████████▍| 371/391 [01:38<00:05,  3.82it/s]
 95%|█████████▌| 372/391 [01:38<00:04,  3.82it/s]
 95%|█████████▌| 373/391 [01:38<00:04,  3.82it/s]
 96%|█████████▌| 374/391 [01:38<00:04,  3.82it/s]
 96%|█████████▌| 375/391 [01:39<00:04,  3.82it/s]
 96%|█████████▌| 376/391 [01:39<00:03,  3.82it/s]
 96%|█████████▋| 377/391 [01:39<00:03,  3.82it/s]
 97%|█████████▋| 378/391 [01:40<00:03,  3.82it/s]
 97%|█████████▋| 379/391 [01:40<00:03,  3.83it/s]
 97%|█████████▋| 380/391 [01:40<00:02,  3.83it/s]
 97%|█████████▋| 381/391 [01:40<00:02,  3.83it/s]
 98%|█████████▊| 382/391 [01:41<00:02,  3.83it/s]
 98%|█████████▊| 383/391 [01:41<00:02,  3.83it/s]
 98%|█████████▊| 384/391 [01:41<00:01,  3.83it/s]
 98%|█████████▊| 385/391 [01:41<00:01,  3.83it/s]
 99%|█████████▊| 386/391 [01:42<00:01,  3.83it/s]
 99%|█████████▉| 387/391 [01:42<00:01,  3.82it/s]
 99%|█████████▉| 388/391 [01:42<00:00,  3.82it/s]
 99%|█████████▉| 389/391 [01:42<00:00,  3.82it/s]
100%|█████████▉| 390/391 [01:43<00:00,  3.83it/s]
100%|██████████| 391/391 [01:43<00:00,  4.30it/s]
100%|██████████| 391/391 [01:43<00:00,  3.78it/s]
Quantized quantized accuracy: Top1: 75.580% Top5: 92.762%

Exporting Model
2024-05-09 20:50:02,783 - Utils - INFO - successfully created onnx model with 121/122 node names updated
2024-05-09 20:50:03,113 - Quant - INFO - Layers excluded from quantization: []
